Using pre-set license
Built from '2020.3/staging' branch; Version is '2020.3.38f1 (8f5fde82e2dc) revision 9396190'; Using compiler version '192528614'; Build Type 'Release'
OS: 'Windows 10  (10.0.19044) 64bit Professional' Language: 'en' Physical Memory: 4001 MB
BatchMode: 1, IsHumanControllingUs: 0, StartBugReporterOnCrash: 0, Is64bit: 1, IsPro: 0

COMMAND LINE ARGUMENTS:
D:\Unity 2020.3.38f1\Editor\Unity.exe
-adb2
-batchMode
-noUpm
-name
AssetImportWorker0
-projectPath
C:/Users/MZ COMPUTER/Documents/GitHub/GameArtDesignCode/My project (7)
-logFile
Logs/AssetImportWorker0.log
-srvPort
49792
Successfully changed project path to: C:/Users/MZ COMPUTER/Documents/GitHub/GameArtDesignCode/My project (7)
C:/Users/MZ COMPUTER/Documents/GitHub/GameArtDesignCode/My project (7)
Using Asset Import Pipeline V2.
Refreshing native plugins compatible for Editor in 749.90 ms, found 2 plugins.
Preloading 0 native plugins for Editor in 0.00 ms.
Initialize engine version: 2020.3.38f1 (8f5fde82e2dc)
[Subsystems] Discovering subsystems at path D:/Unity 2020.3.38f1/Editor/Data/Resources/UnitySubsystems
[Subsystems] Discovering subsystems at path C:/Users/MZ COMPUTER/Documents/GitHub/GameArtDesignCode/My project (7)/Assets
GfxDevice: creating device client; threaded=0
Direct3D:
    Version:  Direct3D 11.0 [level 11.1]
    Renderer: Intel(R) HD Graphics Family (ID=0xa16)
    Vendor:   
    VRAM:     2000 MB
    Driver:   20.19.15.5063
Initialize mono
Mono path[0] = 'D:/Unity 2020.3.38f1/Editor/Data/Managed'
Mono path[1] = 'D:/Unity 2020.3.38f1/Editor/Data/MonoBleedingEdge/lib/mono/unityjit'
Mono config path = 'D:/Unity 2020.3.38f1/Editor/Data/MonoBleedingEdge/etc'
Using monoOptions --debugger-agent=transport=dt_socket,embedding=1,server=y,suspend=n,address=127.0.0.1:56344
Begin MonoManager ReloadAssembly
Registering precompiled unity dll's ...
Register platform support module: D:/Unity 2020.3.38f1/Editor/Data/PlaybackEngines/WindowsStandaloneSupport/UnityEditor.WindowsStandalone.Extensions.dll
Registered in 0.016089 seconds.
Native extension for WindowsStandalone target not found
Refreshing native plugins compatible for Editor in 258.02 ms, found 2 plugins.
Preloading 0 native plugins for Editor in 0.00 ms.
Mono: successfully reloaded assembly
- Completed reload, in  5.719 seconds
Domain Reload Profiling:
	ReloadAssembly (5720ms)
		BeginReloadAssembly (669ms)
			ExecutionOrderSort (0ms)
			DisableScriptedObjects (0ms)
			BackupInstance (0ms)
			ReleaseScriptingObjects (0ms)
			CreateAndSetChildDomain (5ms)
		EndReloadAssembly (2217ms)
			LoadAssemblies (666ms)
			RebuildTransferFunctionScriptingTraits (4ms)
			SetupTypeCache (1009ms)
			ReleaseScriptCaches (0ms)
			RebuildScriptCaches (131ms)
			SetupLoadedEditorAssemblies (661ms)
				LogAssemblyErrors (0ms)
				InitializePlatformSupportModulesInManaged (20ms)
				SetLoadedEditorAssemblies (1ms)
				RefreshPlugins (258ms)
				BeforeProcessingInitializeOnLoad (55ms)
				ProcessInitializeOnLoadAttributes (258ms)
				ProcessInitializeOnLoadMethodAttributes (69ms)
				AfterProcessingInitializeOnLoad (0ms)
				EditorAssembliesLoaded (1ms)
			ExecutionOrderSort2 (0ms)
			AwakeInstancesAfterBackupRestoration (0ms)
Platform modules already initialized, skipping
Registering precompiled user dll's ...
Registered in 0.033407 seconds.
Begin MonoManager ReloadAssembly
Native extension for WindowsStandalone target not found
Refreshing native plugins compatible for Editor in 1.17 ms, found 2 plugins.
Preloading 0 native plugins for Editor in 0.00 ms.
Mono: successfully reloaded assembly
- Completed reload, in  3.542 seconds
Domain Reload Profiling:
	ReloadAssembly (3548ms)
		BeginReloadAssembly (372ms)
			ExecutionOrderSort (0ms)
			DisableScriptedObjects (20ms)
			BackupInstance (0ms)
			ReleaseScriptingObjects (0ms)
			CreateAndSetChildDomain (56ms)
		EndReloadAssembly (3057ms)
			LoadAssemblies (330ms)
			RebuildTransferFunctionScriptingTraits (0ms)
			SetupTypeCache (996ms)
			ReleaseScriptCaches (10ms)
			RebuildScriptCaches (389ms)
			SetupLoadedEditorAssemblies (946ms)
				LogAssemblyErrors (0ms)
				InitializePlatformSupportModulesInManaged (12ms)
				SetLoadedEditorAssemblies (1ms)
				RefreshPlugins (1ms)
				BeforeProcessingInitializeOnLoad (191ms)
				ProcessInitializeOnLoadAttributes (490ms)
				ProcessInitializeOnLoadMethodAttributes (241ms)
				AfterProcessingInitializeOnLoad (9ms)
				EditorAssembliesLoaded (1ms)
			ExecutionOrderSort2 (0ms)
			AwakeInstancesAfterBackupRestoration (11ms)
Platform modules already initialized, skipping
========================================================================
Worker process is ready to serve import requests
Launched and connected shader compiler UnityShaderCompiler.exe after 0.22 seconds
Refreshing native plugins compatible for Editor in 1.90 ms, found 2 plugins.
Preloading 0 native plugins for Editor in 0.00 ms.
Unloading 2394 Unused Serialized files (Serialized files now loaded: 0)
System memory in use before: 110.3 MB.
System memory in use after: 110.5 MB.

Unloading 60 unused Assets to reduce memory usage. Loaded Objects now: 2823.
Total: 15.662700 ms (FindLiveObjects: 0.491600 ms CreateObjectMapping: 0.317000 ms MarkObjects: 14.606400 ms  DeleteObjects: 0.245000 ms)

AssetImportParameters requested are different than current active one (requested -> active):
  custom:framework-win-MediaFoundation: 216162199b28c13a410421893ffa2e32 -> 
  custom:video-decoder-ogg-theora: a1e56fd34408186e4bbccfd4996cb3dc -> 
  custom:container-muxer-webm: aa71ff27fc2769a1b78a27578f13a17b -> 
  custom:container-demuxer-webm: 4f35f7cbe854078d1ac9338744f61a02 -> 
  custom:container-demuxer-ogg: 62fdf1f143b41e24485cea50d1cbac27 -> 
  custom:video-encoder-webm-vp8: eb34c28f22e8b96e1ab97ce403110664 -> 
  custom:video-decoder-webm-vp8: 9c59270c3fd7afecdb556c50c9e8de78 -> 
  custom:audio-decoder-ogg-vorbis: bf7c407c2cedff20999df2af8eb42d56 -> 
  custom:audio-encoder-webm-vorbis: bf7c407c2cedff20999df2af8eb42d56 -> 
========================================================================
Received Import Request.
  path: Assets/IL3DN/Scenes
  artifactKey: Guid(af3cc4f2cce5652469bbef5c63d65462) Importer(815301076,1909f56bfc062723c751e8b465ee728b)
Start importing Assets/IL3DN/Scenes using Guid(af3cc4f2cce5652469bbef5c63d65462) Importer(815301076,1909f56bfc062723c751e8b465ee728b)  -> (artifact id: '36e339f2406f78557e219786819f62f9') in 0.038447 seconds 
========================================================================
Received Import Request.
  Time since last request: 36.303096 seconds.
  path: Assets/IL3DN/Scenes/TheIllustratedNature_FreeAssets.unity
  artifactKey: Guid(2d4c21935cf044f49b232cd83dbee713) Importer(815301076,1909f56bfc062723c751e8b465ee728b)
Start importing Assets/IL3DN/Scenes/TheIllustratedNature_FreeAssets.unity using Guid(2d4c21935cf044f49b232cd83dbee713) Importer(815301076,1909f56bfc062723c751e8b465ee728b)  -> (artifact id: '8075f1eb9b3b2064bc078e9d81d560d1') in 0.164498 seconds 
========================================================================
Received Import Request.
  Time since last request: 20.989837 seconds.
  path: Assets/IL3DN/Scenes/TheIllustratedNature_FreeDemo.unity
  artifactKey: Guid(f7966cd1a5deb32479dd5f360cc5a513) Importer(815301076,1909f56bfc062723c751e8b465ee728b)
Start importing Assets/IL3DN/Scenes/TheIllustratedNature_FreeDemo.unity using Guid(f7966cd1a5deb32479dd5f360cc5a513) Importer(815301076,1909f56bfc062723c751e8b465ee728b)  -> (artifact id: '95c92583b7808668a65016ddda81c51b') in 0.038800 seconds 
========================================================================
Received Import Request.
  Time since last request: 218.263022 seconds.
  path: Assets/IL3DN/Shaders
  artifactKey: Guid(4645d495a29e7c94c9bd56870fcfb4d2) Importer(815301076,1909f56bfc062723c751e8b465ee728b)
Start importing Assets/IL3DN/Shaders using Guid(4645d495a29e7c94c9bd56870fcfb4d2) Importer(815301076,1909f56bfc062723c751e8b465ee728b)  -> (artifact id: '3313f775de8a313a986663e1ecf63426') in 0.117654 seconds 
========================================================================
Received Import Request.
  Time since last request: 17.607168 seconds.
  path: Assets/IL3DN/EditorImages
  artifactKey: Guid(5829726648371eb40a34ce460be37329) Importer(815301076,1909f56bfc062723c751e8b465ee728b)
Start importing Assets/IL3DN/EditorImages using Guid(5829726648371eb40a34ce460be37329) Importer(815301076,1909f56bfc062723c751e8b465ee728b)  -> (artifact id: 'b48b5fc5f6eb6956bd768a7d3eb3adc5') in 0.060432 seconds 
========================================================================
Received Import Request.
  Time since last request: 0.000617 seconds.
  path: Assets/IL3DN/EditorImages/IL3DN_Label_Wind_Direction.png
  artifactKey: Guid(ed24cca65ff964a49bd0a9c0b11eedd6) Importer(815301076,1909f56bfc062723c751e8b465ee728b)
Start importing Assets/IL3DN/EditorImages/IL3DN_Label_Wind_Direction.png using Guid(ed24cca65ff964a49bd0a9c0b11eedd6) Importer(815301076,1909f56bfc062723c751e8b465ee728b)  -> (artifact id: '1089ce127672485617e5fd738dff95bc') in 1.454221 seconds 
========================================================================
Received Import Request.
  Time since last request: 0.000437 seconds.
  path: Assets/IL3DN/EditorImages/IL3DN_Logo.png
  artifactKey: Guid(8ce5ab41ecb07b942a1042a85f585feb) Importer(815301076,1909f56bfc062723c751e8b465ee728b)
Start importing Assets/IL3DN/EditorImages/IL3DN_Logo.png using Guid(8ce5ab41ecb07b942a1042a85f585feb) Importer(815301076,1909f56bfc062723c751e8b465ee728b)  -> (artifact id: '486583b4c15f88f302b2f6c6bde34069') in 0.638098 seconds 
========================================================================
Received Import Request.
  Time since last request: 7.156934 seconds.
  path: Assets/IL3DN/EditorImages/Materials
  artifactKey: Guid(c520a8f7a5612f042b93931bed6058dd) Importer(815301076,1909f56bfc062723c751e8b465ee728b)
Start importing Assets/IL3DN/EditorImages/Materials using Guid(c520a8f7a5612f042b93931bed6058dd) Importer(815301076,1909f56bfc062723c751e8b465ee728b)  -> (artifact id: 'e023271aad64d2210d8fc55b1e073409') in 0.033457 seconds 
========================================================================
Received Import Request.
  Time since last request: 0.002494 seconds.
  path: Assets/IL3DN/EditorImages/Materials/IL3DN_Logo.mat
  artifactKey: Guid(65791ede4b1b9964da46717740404e39) Importer(815301076,1909f56bfc062723c751e8b465ee728b)
Start importing Assets/IL3DN/EditorImages/Materials/IL3DN_Logo.mat using Guid(65791ede4b1b9964da46717740404e39) Importer(815301076,1909f56bfc062723c751e8b465ee728b)  -> (artifact id: '07319ffce6ecc5dacc9a025c25aa7bae') in 0.659556 seconds 
========================================================================
Received Import Request.
  Time since last request: 5.450628 seconds.
  path: Assets/IL3DN/Graphics
  artifactKey: Guid(f2fd687eb0ea296428106389d5336ea9) Importer(815301076,1909f56bfc062723c751e8b465ee728b)
Start importing Assets/IL3DN/Graphics using Guid(f2fd687eb0ea296428106389d5336ea9) Importer(815301076,1909f56bfc062723c751e8b465ee728b)  -> (artifact id: 'd7e5ad00698976d0c6125030e3b294c4') in 0.057735 seconds 
========================================================================
Received Import Request.
  Time since last request: 1.561242 seconds.
  path: Assets/IL3DN/Graphics/Prefabs
  artifactKey: Guid(74a9acb1b8977004b9441840f0c8076b) Importer(815301076,1909f56bfc062723c751e8b465ee728b)
Start importing Assets/IL3DN/Graphics/Prefabs using Guid(74a9acb1b8977004b9441840f0c8076b) Importer(815301076,1909f56bfc062723c751e8b465ee728b)  -> (artifact id: '643f8023c13b27d74f27d1eea49dd089') in 0.043175 seconds 
========================================================================
Received Import Request.
  Time since last request: 0.000731 seconds.
  path: Assets/IL3DN/Graphics/Prefabs/IL3DN_Collider.prefab
  artifactKey: Guid(70515aa1cce1f914facc841db543469c) Importer(815301076,1909f56bfc062723c751e8b465ee728b)
Start importing Assets/IL3DN/Graphics/Prefabs/IL3DN_Collider.prefab using Guid(70515aa1cce1f914facc841db543469c) Importer(815301076,1909f56bfc062723c751e8b465ee728b)  -> (artifact id: '2d0b89551860a8a8593506b9edc0eb93') in 0.116217 seconds 
========================================================================
Received Import Request.
  Time since last request: 0.000404 seconds.
  path: Assets/IL3DN/Graphics/Prefabs/IL3DN_Plant_Grass_03.prefab
  artifactKey: Guid(3ed64830e8f834546a4581c03d58911b) Importer(815301076,1909f56bfc062723c751e8b465ee728b)
Start importing Assets/IL3DN/Graphics/Prefabs/IL3DN_Plant_Grass_03.prefab using Guid(3ed64830e8f834546a4581c03d58911b) Importer(815301076,1909f56bfc062723c751e8b465ee728b)  -> (artifact id: 'f2f063f531d6317e9225c45dee22573c') in 0.233347 seconds 
========================================================================
Received Import Request.
  Time since last request: 0.000553 seconds.
  path: Assets/IL3DN/Graphics/Prefabs/IL3DN_Plant_Grass_01.prefab
  artifactKey: Guid(9a32147e38101fd48876749fd208348d) Importer(815301076,1909f56bfc062723c751e8b465ee728b)
Start importing Assets/IL3DN/Graphics/Prefabs/IL3DN_Plant_Grass_01.prefab using Guid(9a32147e38101fd48876749fd208348d) Importer(815301076,1909f56bfc062723c751e8b465ee728b)  -> (artifact id: '781b4b1201d393e8b3834d11083609ff') in 0.191184 seconds 
========================================================================
Received Import Request.
  Time since last request: 0.000534 seconds.
  path: Assets/IL3DN/Graphics/Prefabs/IL3DN_GroundPatch.prefab
  artifactKey: Guid(9fe29fe01e83c3f4aa5c9d30e1f788b6) Importer(815301076,1909f56bfc062723c751e8b465ee728b)
Start importing Assets/IL3DN/Graphics/Prefabs/IL3DN_GroundPatch.prefab using Guid(9fe29fe01e83c3f4aa5c9d30e1f788b6) Importer(815301076,1909f56bfc062723c751e8b465ee728b)  -> (artifact id: '7515a68aaaf9b65f64e2760dde917da3') in 0.146896 seconds 
========================================================================
Received Import Request.
  Time since last request: 0.000969 seconds.
  path: Assets/IL3DN/Graphics/Prefabs/IL3DN_Tree_Pine_01_OneMesh.prefab
  artifactKey: Guid(de691dfc4f267f7428befc75c109cb1c) Importer(815301076,1909f56bfc062723c751e8b465ee728b)
Start importing Assets/IL3DN/Graphics/Prefabs/IL3DN_Tree_Pine_01_OneMesh.prefab using Guid(de691dfc4f267f7428befc75c109cb1c) Importer(815301076,1909f56bfc062723c751e8b465ee728b)  -> (artifact id: 'bb26c9da2946501d1e6dad923f965726') in 1.476361 seconds 
========================================================================
Received Import Request.
  Time since last request: 0.001832 seconds.
  path: Assets/IL3DN/Graphics/Prefabs/IL3DN_Plant_Grass_02.prefab
  artifactKey: Guid(f82ec2f7ccf833540947ba343a46f303) Importer(815301076,1909f56bfc062723c751e8b465ee728b)
Start importing Assets/IL3DN/Graphics/Prefabs/IL3DN_Plant_Grass_02.prefab using Guid(f82ec2f7ccf833540947ba343a46f303) Importer(815301076,1909f56bfc062723c751e8b465ee728b)  -> (artifact id: 'ab3a7830ce70ff9eb89e947336e650b1') in 0.162684 seconds 
========================================================================
Received Import Request.
  Time since last request: 0.000440 seconds.
  path: Assets/IL3DN/Graphics/Prefabs/IL3DN_Tree_Pine_03_OneMesh.prefab
  artifactKey: Guid(178d017993c740148b8829da619bf9db) Importer(815301076,1909f56bfc062723c751e8b465ee728b)
Start importing Assets/IL3DN/Graphics/Prefabs/IL3DN_Tree_Pine_03_OneMesh.prefab using Guid(178d017993c740148b8829da619bf9db) Importer(815301076,1909f56bfc062723c751e8b465ee728b)  -> (artifact id: '9aed09b18a0738011118095d54cee0c5') in 0.285375 seconds 
========================================================================
Received Import Request.
  Time since last request: 0.000420 seconds.
  path: Assets/IL3DN/Graphics/Prefabs/IL3DN_GodRays.prefab
  artifactKey: Guid(bef6de7beed1e58438ce5878560da236) Importer(815301076,1909f56bfc062723c751e8b465ee728b)
Start importing Assets/IL3DN/Graphics/Prefabs/IL3DN_GodRays.prefab using Guid(bef6de7beed1e58438ce5878560da236) Importer(815301076,1909f56bfc062723c751e8b465ee728b)  -> (artifact id: '00532a4193c0746ce4a5ce0a19d89054') in 0.531442 seconds 
========================================================================
Received Import Request.
  Time since last request: 1183.996579 seconds.
  path: Assets/IL3DN/Graphics/Textures/IL3DN_Backdrop.png
  artifactKey: Guid(6b7835b292988be4e811a364b30621d9) Importer(815301076,1909f56bfc062723c751e8b465ee728b)
Start importing Assets/IL3DN/Graphics/Textures/IL3DN_Backdrop.png using Guid(6b7835b292988be4e811a364b30621d9) Importer(815301076,1909f56bfc062723c751e8b465ee728b)  -> (artifact id: 'edd6cc9fc0b3cae8a2d6813b7e2fd24f') in 5.856839 seconds 
========================================================================
Received Import Request.
  Time since last request: 0.000944 seconds.
  path: Assets/IL3DN/Graphics/Textures/IL3DN_Bark_Pine.psd
  artifactKey: Guid(e632c8e2a28f7e445a58672b91bfd65e) Importer(815301076,1909f56bfc062723c751e8b465ee728b)
Start importing Assets/IL3DN/Graphics/Textures/IL3DN_Bark_Pine.psd using Guid(e632c8e2a28f7e445a58672b91bfd65e) Importer(815301076,1909f56bfc062723c751e8b465ee728b)  -> (artifact id: '4df2560cb7d675cc848d11bf5f16f3e7') in 0.485592 seconds 
========================================================================
Received Import Request.
  Time since last request: 0.000621 seconds.
  path: Assets/IL3DN/Graphics/Textures/IL3DN_Grass_02.psd
  artifactKey: Guid(2038a37a87e1eff4fa5efd69c9d1312e) Importer(815301076,1909f56bfc062723c751e8b465ee728b)
Start importing Assets/IL3DN/Graphics/Textures/IL3DN_Grass_02.psd using Guid(2038a37a87e1eff4fa5efd69c9d1312e) Importer(815301076,1909f56bfc062723c751e8b465ee728b)  -> (artifact id: '8433835e497141126d1fe36e5362a07e') in 0.140771 seconds 
========================================================================
Received Import Request.
  Time since last request: 0.004310 seconds.
  path: Assets/IL3DN/Graphics/Textures/IL3DN_Pine_01.psd
  artifactKey: Guid(f6ca14d1b28767248b6da146831632a1) Importer(815301076,1909f56bfc062723c751e8b465ee728b)
Start importing Assets/IL3DN/Graphics/Textures/IL3DN_Pine_01.psd using Guid(f6ca14d1b28767248b6da146831632a1) Importer(815301076,1909f56bfc062723c751e8b465ee728b)  -> (artifact id: '9821ee607ff1704a574982d6cb80283a') in 0.113735 seconds 
========================================================================
Received Import Request.
  Time since last request: 0.000523 seconds.
  path: Assets/IL3DN/Graphics/Textures/IL3DN_Grass_03.psd
  artifactKey: Guid(3ab525614e685014da4ff51a15e353f9) Importer(815301076,1909f56bfc062723c751e8b465ee728b)
Start importing Assets/IL3DN/Graphics/Textures/IL3DN_Grass_03.psd using Guid(3ab525614e685014da4ff51a15e353f9) Importer(815301076,1909f56bfc062723c751e8b465ee728b)  -> (artifact id: 'bbf3b246d2884d3c889eb56d10821b09') in 0.193545 seconds 
========================================================================
Received Import Request.
  Time since last request: 0.001673 seconds.
  path: Assets/IL3DN/Graphics/Textures/IL3DN_Grass_01.psd
  artifactKey: Guid(a73c218e0d8156240a793d22710686d1) Importer(815301076,1909f56bfc062723c751e8b465ee728b)
Start importing Assets/IL3DN/Graphics/Textures/IL3DN_Grass_01.psd using Guid(a73c218e0d8156240a793d22710686d1) Importer(815301076,1909f56bfc062723c751e8b465ee728b)  -> (artifact id: 'd391495259099cd9b9e10bade23a2341') in 0.089889 seconds 
========================================================================
Received Import Request.
  Time since last request: 0.001277 seconds.
  path: Assets/IL3DN/Graphics/Textures/IL3DN_WindNoise.psd
  artifactKey: Guid(e5055e0d246bd1047bdb28057a93753c) Importer(815301076,1909f56bfc062723c751e8b465ee728b)
Start importing Assets/IL3DN/Graphics/Textures/IL3DN_WindNoise.psd using Guid(e5055e0d246bd1047bdb28057a93753c) Importer(815301076,1909f56bfc062723c751e8b465ee728b)  -> (artifact id: '070ee35c028a4ef462d3d873b96c572e') in 0.130606 seconds 
========================================================================
Received Import Request.
  Time since last request: 0.000692 seconds.
  path: Assets/IL3DN/Graphics/Textures/IL3DN_FX_GradientRadial.psd
  artifactKey: Guid(f28423396372f574b88e3b41854652e8) Importer(815301076,1909f56bfc062723c751e8b465ee728b)
Start importing Assets/IL3DN/Graphics/Textures/IL3DN_FX_GradientRadial.psd using Guid(f28423396372f574b88e3b41854652e8) Importer(815301076,1909f56bfc062723c751e8b465ee728b)  -> (artifact id: 'c1ecd4167a0f7ed949c51dc8d68d7464') in 0.249093 seconds 
========================================================================
Received Import Request.
  Time since last request: 112.209067 seconds.
  path: Assets/IL3DN/Audio/IL3DN.mixer
  artifactKey: Guid(89ef2123a31ebe547959c299198012c1) Importer(815301076,1909f56bfc062723c751e8b465ee728b)
Start importing Assets/IL3DN/Audio/IL3DN.mixer using Guid(89ef2123a31ebe547959c299198012c1) Importer(815301076,1909f56bfc062723c751e8b465ee728b)  -> (artifact id: '1e2778fe8278e8d7a85f2fe1b37e0762') in 0.487303 seconds 
========================================================================
Received Import Request.
  Time since last request: 0.000744 seconds.
  path: Assets/IL3DN/Audio/IL3DN_Char_Step_Grass_03.wav
  artifactKey: Guid(0b5df60ae886e094e98121686439b7da) Importer(815301076,1909f56bfc062723c751e8b465ee728b)
Start importing Assets/IL3DN/Audio/IL3DN_Char_Step_Grass_03.wav using Guid(0b5df60ae886e094e98121686439b7da) Importer(815301076,1909f56bfc062723c751e8b465ee728b)  -> (artifact id: '60e95fd0f5d19aa9d9209c4756956492') in 1.464512 seconds 
========================================================================
Received Import Request.
  Time since last request: 0.000644 seconds.
  path: Assets/IL3DN/Audio/IL3DN_Birds_Loop.wav
  artifactKey: Guid(16a07621d1bc9a846bb265d15fb71f4c) Importer(815301076,1909f56bfc062723c751e8b465ee728b)
Start importing Assets/IL3DN/Audio/IL3DN_Birds_Loop.wav using Guid(16a07621d1bc9a846bb265d15fb71f4c) Importer(815301076,1909f56bfc062723c751e8b465ee728b)  -> (artifact id: '5957d0479d11b88949ce8cd8c1082450') in 0.158915 seconds 
========================================================================
Received Import Request.
  Time since last request: 0.003006 seconds.
  path: Assets/IL3DN/Audio/IL3DN_Char_Step_Grass_01.wav
  artifactKey: Guid(d075dc87c5731f84b9901c46989a8832) Importer(815301076,1909f56bfc062723c751e8b465ee728b)
Start importing Assets/IL3DN/Audio/IL3DN_Char_Step_Grass_01.wav using Guid(d075dc87c5731f84b9901c46989a8832) Importer(815301076,1909f56bfc062723c751e8b465ee728b)  -> (artifact id: '753c2e2863be74df7772c45b8fdc0052') in 0.119577 seconds 
========================================================================
Received Import Request.
  Time since last request: 0.000442 seconds.
  path: Assets/IL3DN/Audio/IL3DN_Char_Step_Grass_02.wav
  artifactKey: Guid(07d6c79ac5a1e3a4094f31a17377867e) Importer(815301076,1909f56bfc062723c751e8b465ee728b)
Start importing Assets/IL3DN/Audio/IL3DN_Char_Step_Grass_02.wav using Guid(07d6c79ac5a1e3a4094f31a17377867e) Importer(815301076,1909f56bfc062723c751e8b465ee728b)  -> (artifact id: '18a80bdfaf33f01194e59a46e893c84c') in 0.110113 seconds 
========================================================================
Received Import Request.
  Time since last request: 0.002218 seconds.
  path: Assets/IL3DN/Audio/IL3DN_Char_Step_Grass_04.wav
  artifactKey: Guid(739a2cf7ef547fc409eb9346acf3fe14) Importer(815301076,1909f56bfc062723c751e8b465ee728b)
Start importing Assets/IL3DN/Audio/IL3DN_Char_Step_Grass_04.wav using Guid(739a2cf7ef547fc409eb9346acf3fe14) Importer(815301076,1909f56bfc062723c751e8b465ee728b)  -> (artifact id: '4259d23113f31f63dd82006bf9ceaa7c') in 0.117018 seconds 
========================================================================
Received Import Request.
  Time since last request: 7.441618 seconds.
  path: Assets/IL3DN/Prefabs/FPSController.prefab
  artifactKey: Guid(5e9e851c0e142814dac026a256ba2ac0) Importer(815301076,1909f56bfc062723c751e8b465ee728b)
Start importing Assets/IL3DN/Prefabs/FPSController.prefab using Guid(5e9e851c0e142814dac026a256ba2ac0) Importer(815301076,1909f56bfc062723c751e8b465ee728b)  -> (artifact id: '08bd993d403387a6327a07c03ca665d2') in 0.183592 seconds 
========================================================================
Received Import Request.
  Time since last request: 0.001002 seconds.
  path: Assets/IL3DN/Prefabs
  artifactKey: Guid(d95999b138580154d9e82881afd75547) Importer(815301076,1909f56bfc062723c751e8b465ee728b)
Start importing Assets/IL3DN/Prefabs using Guid(d95999b138580154d9e82881afd75547) Importer(815301076,1909f56bfc062723c751e8b465ee728b)  -> (artifact id: '6f980f3040139c27ff691757dff8d87a') in 0.027910 seconds 
========================================================================
Received Import Request.
  Time since last request: 0.003151 seconds.
  path: Assets/IL3DN/Prefabs/IL3DN_Canvas.prefab
  artifactKey: Guid(b9041a16145c8bb4f83dba3889f30193) Importer(815301076,1909f56bfc062723c751e8b465ee728b)
Start importing Assets/IL3DN/Prefabs/IL3DN_Canvas.prefab using Guid(b9041a16145c8bb4f83dba3889f30193) Importer(815301076,1909f56bfc062723c751e8b465ee728b)  -> (artifact id: '3e39abf60156a801b492723b4314597c') in 0.669542 seconds 
========================================================================
Received Import Request.
  Time since last request: 180.212984 seconds.
  path: Assets/Unvik_3D/Cross_Plains/Prefabs
  artifactKey: Guid(45845230184f8df438cc01d73b3bd64f) Importer(815301076,1909f56bfc062723c751e8b465ee728b)
Start importing Assets/Unvik_3D/Cross_Plains/Prefabs using Guid(45845230184f8df438cc01d73b3bd64f) Importer(815301076,1909f56bfc062723c751e8b465ee728b)  -> (artifact id: '9b72f7599823461f93e99b3da6f2fd79') in 0.038889 seconds 
========================================================================
Received Import Request.
  Time since last request: 2.457753 seconds.
  path: Assets/Unvik_3D/Cross_Plains/Prefabs/CrossPlains_Plant_09.prefab
  artifactKey: Guid(e4c10aef563723a4f84ebe34694c8647) Importer(815301076,1909f56bfc062723c751e8b465ee728b)
Start importing Assets/Unvik_3D/Cross_Plains/Prefabs/CrossPlains_Plant_09.prefab using Guid(e4c10aef563723a4f84ebe34694c8647) Importer(815301076,1909f56bfc062723c751e8b465ee728b)  -> (artifact id: 'ccc0a0b3d0b176880ce584358e894a20') in 1.149175 seconds 
========================================================================
Received Import Request.
  Time since last request: 0.000449 seconds.
  path: Assets/Unvik_3D/Cross_Plains/Prefabs/CrossPlains_Ribs_01.prefab
  artifactKey: Guid(1a118ca687daa09499984337aaff31c4) Importer(815301076,1909f56bfc062723c751e8b465ee728b)
Start importing Assets/Unvik_3D/Cross_Plains/Prefabs/CrossPlains_Ribs_01.prefab using Guid(1a118ca687daa09499984337aaff31c4) Importer(815301076,1909f56bfc062723c751e8b465ee728b)  -> (artifact id: '9181a640d2aaddf9ada7a40162f4e780') in 0.452859 seconds 
========================================================================
Received Import Request.
  Time since last request: 0.001331 seconds.
  path: Assets/Unvik_3D/Cross_Plains/Prefabs/CrossPlains_Plant_11.prefab
  artifactKey: Guid(3b70de28b59a8004d900479a1b213ab6) Importer(815301076,1909f56bfc062723c751e8b465ee728b)
Start importing Assets/Unvik_3D/Cross_Plains/Prefabs/CrossPlains_Plant_11.prefab using Guid(3b70de28b59a8004d900479a1b213ab6) Importer(815301076,1909f56bfc062723c751e8b465ee728b)  -> (artifact id: '8680a49ee5babb1bfbace9c2b479a173') in 0.423136 seconds 
========================================================================
Received Import Request.
  Time since last request: 0.000615 seconds.
  path: Assets/Unvik_3D/Cross_Plains/Prefabs/CrossPlains_Rock_04.prefab
  artifactKey: Guid(5f908e007535b2b42989a1adc759f01e) Importer(815301076,1909f56bfc062723c751e8b465ee728b)
Start importing Assets/Unvik_3D/Cross_Plains/Prefabs/CrossPlains_Rock_04.prefab using Guid(5f908e007535b2b42989a1adc759f01e) Importer(815301076,1909f56bfc062723c751e8b465ee728b)  -> (artifact id: '685c247fbc2c98789d2ff1bea6893705') in 0.348954 seconds 
========================================================================
Received Import Request.
  Time since last request: 0.000460 seconds.
  path: Assets/Unvik_3D/Cross_Plains/Prefabs/CrossPlains_Rock_02.prefab
  artifactKey: Guid(0b2a412efe6f6984c87ea0f626de8e0e) Importer(815301076,1909f56bfc062723c751e8b465ee728b)
Start importing Assets/Unvik_3D/Cross_Plains/Prefabs/CrossPlains_Rock_02.prefab using Guid(0b2a412efe6f6984c87ea0f626de8e0e) Importer(815301076,1909f56bfc062723c751e8b465ee728b)  -> (artifact id: 'b3240199569454418a5f174144b427e2') in 0.482560 seconds 
========================================================================
Received Import Request.
  Time since last request: 0.000611 seconds.
  path: Assets/Unvik_3D/Cross_Plains/Prefabs/CrossPlains_Plant_10.prefab
  artifactKey: Guid(a52fb49529438554fb74515043adb565) Importer(815301076,1909f56bfc062723c751e8b465ee728b)
Start importing Assets/Unvik_3D/Cross_Plains/Prefabs/CrossPlains_Plant_10.prefab using Guid(a52fb49529438554fb74515043adb565) Importer(815301076,1909f56bfc062723c751e8b465ee728b)  -> (artifact id: '07cb217dbe4d62fb3c7fc3672bcc028b') in 0.343827 seconds 
========================================================================
Received Import Request.
  Time since last request: 0.000618 seconds.
  path: Assets/Unvik_3D/Cross_Plains/Prefabs/CrossPlains_Rock_03.prefab
  artifactKey: Guid(8af1fd6ea6147d849931f97649fb8045) Importer(815301076,1909f56bfc062723c751e8b465ee728b)
Start importing Assets/Unvik_3D/Cross_Plains/Prefabs/CrossPlains_Rock_03.prefab using Guid(8af1fd6ea6147d849931f97649fb8045) Importer(815301076,1909f56bfc062723c751e8b465ee728b)  -> (artifact id: 'bc3dbe0d8c9790b0a4cbfa5274137ae9') in 0.366330 seconds 
========================================================================
Received Import Request.
  Time since last request: 0.001875 seconds.
  path: Assets/Unvik_3D/Cross_Plains/Prefabs/CrossPlains_Rock_01.prefab
  artifactKey: Guid(9a297dc57e88b464f94070684a8ae8ab) Importer(815301076,1909f56bfc062723c751e8b465ee728b)
Start importing Assets/Unvik_3D/Cross_Plains/Prefabs/CrossPlains_Rock_01.prefab using Guid(9a297dc57e88b464f94070684a8ae8ab) Importer(815301076,1909f56bfc062723c751e8b465ee728b)  -> (artifact id: '125a02f6ead4e10127a6c49151c9efae') in 0.314812 seconds 
========================================================================
Received Import Request.
  Time since last request: 2.205169 seconds.
  path: Assets/Unvik_3D/Cross_Plains/Prefabs/CrossPlains_Rock_05.prefab
  artifactKey: Guid(bbc9270084294ba4da8aa8f702727ef5) Importer(815301076,1909f56bfc062723c751e8b465ee728b)
Start importing Assets/Unvik_3D/Cross_Plains/Prefabs/CrossPlains_Rock_05.prefab using Guid(bbc9270084294ba4da8aa8f702727ef5) Importer(815301076,1909f56bfc062723c751e8b465ee728b)  -> (artifact id: '8249be4632f5f6d2e64393c18972789e') in 0.238064 seconds 
========================================================================
Received Import Request.
  Time since last request: 0.000552 seconds.
  path: Assets/Unvik_3D/Cross_Plains/Prefabs/CrossPlains_Skull_01.prefab
  artifactKey: Guid(e6632668fbb0f7b46a919e92cb22be7d) Importer(815301076,1909f56bfc062723c751e8b465ee728b)
Start importing Assets/Unvik_3D/Cross_Plains/Prefabs/CrossPlains_Skull_01.prefab using Guid(e6632668fbb0f7b46a919e92cb22be7d) Importer(815301076,1909f56bfc062723c751e8b465ee728b)  -> (artifact id: '14b0352d76f847902c72a7961495634f') in 0.420440 seconds 
========================================================================
Received Import Request.
  Time since last request: 297.849847 seconds.
  path: Assets/IL3DN/Post-Processing_Profile
  artifactKey: Guid(9d6413c91725d9f41b61d30e5ec994e8) Importer(815301076,1909f56bfc062723c751e8b465ee728b)
Start importing Assets/IL3DN/Post-Processing_Profile using Guid(9d6413c91725d9f41b61d30e5ec994e8) Importer(815301076,1909f56bfc062723c751e8b465ee728b)  -> (artifact id: '2bc6d63e6d0ed1d45d2122812bc086b5') in 0.095414 seconds 
========================================================================
Received Import Request.
  Time since last request: 0.475638 seconds.
  path: Assets/IL3DN/Post-Processing_Profile/IL3DN_PPProfile_FreeAssets.asset
  artifactKey: Guid(267000edef6451d469ce10704a9d43a0) Importer(815301076,1909f56bfc062723c751e8b465ee728b)
Start importing Assets/IL3DN/Post-Processing_Profile/IL3DN_PPProfile_FreeAssets.asset using Guid(267000edef6451d469ce10704a9d43a0) Importer(815301076,1909f56bfc062723c751e8b465ee728b)  -> (artifact id: '665cf30226947877d45c70e1ea94f8ac') in 0.263270 seconds 
========================================================================
Received Import Request.
  Time since last request: 0.000398 seconds.
  path: Assets/IL3DN/Post-Processing_Profile/IL3DN_PPProfile_FreeDemo.asset
  artifactKey: Guid(f7e7c1c5853a7d84196761aab5cf649c) Importer(815301076,1909f56bfc062723c751e8b465ee728b)
Start importing Assets/IL3DN/Post-Processing_Profile/IL3DN_PPProfile_FreeDemo.asset using Guid(f7e7c1c5853a7d84196761aab5cf649c) Importer(815301076,1909f56bfc062723c751e8b465ee728b)  -> (artifact id: '518b905bbf56ff016817d97c68c2cfcf') in 0.048644 seconds 
========================================================================
Received Import Request.
  Time since last request: 3.203280 seconds.
  path: Assets/IL3DN/Graphics/Materials/IL3DN_Backdrop.mat
  artifactKey: Guid(b61829061d5dc774b866e5bb9257dfa1) Importer(815301076,1909f56bfc062723c751e8b465ee728b)
Start importing Assets/IL3DN/Graphics/Materials/IL3DN_Backdrop.mat using Guid(b61829061d5dc774b866e5bb9257dfa1) Importer(815301076,1909f56bfc062723c751e8b465ee728b)  -> (artifact id: '7d34669a198e1f6cf0aee92ece3cdbdc') in 1.424689 seconds 
========================================================================
Received Import Request.
  Time since last request: 0.001478 seconds.
  path: Assets/IL3DN/Graphics/Materials/IL3DN_Plant_Grass_02.mat
  artifactKey: Guid(b599d9a28d2afd24ab0a53fd5a5ce3ea) Importer(815301076,1909f56bfc062723c751e8b465ee728b)
Start importing Assets/IL3DN/Graphics/Materials/IL3DN_Plant_Grass_02.mat using Guid(b599d9a28d2afd24ab0a53fd5a5ce3ea) Importer(815301076,1909f56bfc062723c751e8b465ee728b)  -> (artifact id: '1b9acee0e32da28a7043347f0606bbef') in 0.227068 seconds 
========================================================================
Received Import Request.
  Time since last request: 0.000429 seconds.
  path: Assets/IL3DN/Graphics/Materials/IL3DN_Sky_Procedural.mat
  artifactKey: Guid(221f9488657b1f1498bb5860cf4c5ff3) Importer(815301076,1909f56bfc062723c751e8b465ee728b)
Start importing Assets/IL3DN/Graphics/Materials/IL3DN_Sky_Procedural.mat using Guid(221f9488657b1f1498bb5860cf4c5ff3) Importer(815301076,1909f56bfc062723c751e8b465ee728b)  -> (artifact id: 'ad50c72aaa0310ee4962270eee6056a7') in 0.576967 seconds 
========================================================================
Received Import Request.
  Time since last request: 0.172123 seconds.
  path: Assets/IL3DN/Graphics/Materials/IL3DN_Plant_Grass_01.mat
  artifactKey: Guid(67e642841af2acc4492399d0ff294789) Importer(815301076,1909f56bfc062723c751e8b465ee728b)
Start importing Assets/IL3DN/Graphics/Materials/IL3DN_Plant_Grass_01.mat using Guid(67e642841af2acc4492399d0ff294789) Importer(815301076,1909f56bfc062723c751e8b465ee728b)  -> (artifact id: '4c7173bba29d13913cd9423854e87d6c') in 0.482502 seconds 
========================================================================
Received Import Request.
  Time since last request: 0.000552 seconds.
  path: Assets/IL3DN/Graphics/Materials/IL3DN_Tree_Pine_Bark.mat
  artifactKey: Guid(1d97d3e66d3177240ae59310c2388d2b) Importer(815301076,1909f56bfc062723c751e8b465ee728b)
Start importing Assets/IL3DN/Graphics/Materials/IL3DN_Tree_Pine_Bark.mat using Guid(1d97d3e66d3177240ae59310c2388d2b) Importer(815301076,1909f56bfc062723c751e8b465ee728b)  -> (artifact id: '967ed0d0a91a68b70afe4f31e31ca26f') in 0.656015 seconds 
========================================================================
Received Import Request.
  Time since last request: 0.000532 seconds.
  path: Assets/IL3DN/Graphics/Materials/IL3DN_FX_Glow.mat
  artifactKey: Guid(2519c1f835cf63c45a81f4aac87488c0) Importer(815301076,1909f56bfc062723c751e8b465ee728b)
Start importing Assets/IL3DN/Graphics/Materials/IL3DN_FX_Glow.mat using Guid(2519c1f835cf63c45a81f4aac87488c0) Importer(815301076,1909f56bfc062723c751e8b465ee728b)  -> (artifact id: '60cf83be15543c3841554e322e221474') in 0.492246 seconds 
========================================================================
Received Import Request.
  Time since last request: 0.000485 seconds.
  path: Assets/IL3DN/Graphics/Materials/IL3DN_Tree_Pine_Leaf.mat
  artifactKey: Guid(49a047f6fab4c994cb92aa690ba93401) Importer(815301076,1909f56bfc062723c751e8b465ee728b)
Start importing Assets/IL3DN/Graphics/Materials/IL3DN_Tree_Pine_Leaf.mat using Guid(49a047f6fab4c994cb92aa690ba93401) Importer(815301076,1909f56bfc062723c751e8b465ee728b)  -> (artifact id: '00fd34cc153e4e1d80ca7d581612b817') in 0.217018 seconds 
========================================================================
Received Import Request.
  Time since last request: 0.000609 seconds.
  path: Assets/IL3DN/Graphics/Materials/IL3DN_Plant_Grass_03.mat
  artifactKey: Guid(a1caf223de02ae34384ec42b6f035826) Importer(815301076,1909f56bfc062723c751e8b465ee728b)
Start importing Assets/IL3DN/Graphics/Materials/IL3DN_Plant_Grass_03.mat using Guid(a1caf223de02ae34384ec42b6f035826) Importer(815301076,1909f56bfc062723c751e8b465ee728b)  -> (artifact id: 'b245c103cb3c5741ff53f3ff0f79b3cb') in 0.246921 seconds 
========================================================================
Received Import Request.
  Time since last request: 0.001535 seconds.
  path: Assets/IL3DN/Graphics/Materials/IL3DN_Ground_Grass.mat
  artifactKey: Guid(cef2b4aff14b59b469823ac58c967d48) Importer(815301076,1909f56bfc062723c751e8b465ee728b)
Start importing Assets/IL3DN/Graphics/Materials/IL3DN_Ground_Grass.mat using Guid(cef2b4aff14b59b469823ac58c967d48) Importer(815301076,1909f56bfc062723c751e8b465ee728b)  -> (artifact id: 'e9b3a16d286b576f0f3e079be54ac8b7') in 0.158319 seconds 
========================================================================
Received Import Request.
  Time since last request: 149.602378 seconds.
  path: Assets/IL3DN/Graphics/Meshes/IL3DN_Collider.FBX
  artifactKey: Guid(af946611046df2249a895600d987feb0) Importer(815301076,1909f56bfc062723c751e8b465ee728b)
Start importing Assets/IL3DN/Graphics/Meshes/IL3DN_Collider.FBX using Guid(af946611046df2249a895600d987feb0) Importer(815301076,1909f56bfc062723c751e8b465ee728b)  -> (artifact id: 'a8e4e94b8492a2ba9aae38992528510a') in 5.374146 seconds 
========================================================================
Received Import Request.
  Time since last request: 0.001379 seconds.
  path: Assets/IL3DN/Graphics/Meshes/IL3DN_Plant_Grass_01.fbx
  artifactKey: Guid(ee1ab9831f94b1643895bf7b3a9d27e9) Importer(815301076,1909f56bfc062723c751e8b465ee728b)
Start importing Assets/IL3DN/Graphics/Meshes/IL3DN_Plant_Grass_01.fbx using Guid(ee1ab9831f94b1643895bf7b3a9d27e9) Importer(815301076,1909f56bfc062723c751e8b465ee728b)  -> (artifact id: '141b8045f8a619700caadeca4395429d') in 1.016943 seconds 
========================================================================
Received Import Request.
  Time since last request: 0.003112 seconds.
  path: Assets/IL3DN/Graphics/Meshes/IL3DN_Tree_Pine_01_OneMesh.FBX
  artifactKey: Guid(f11e24393ee20a94b9cbfd10c2f99f4a) Importer(815301076,1909f56bfc062723c751e8b465ee728b)
Start importing Assets/IL3DN/Graphics/Meshes/IL3DN_Tree_Pine_01_OneMesh.FBX using Guid(f11e24393ee20a94b9cbfd10c2f99f4a) Importer(815301076,1909f56bfc062723c751e8b465ee728b)  -> (artifact id: '81bc87a70f35a3e24beda8353cc0f96a') in 1.163553 seconds 
========================================================================
Received Import Request.
  Time since last request: 0.000517 seconds.
  path: Assets/IL3DN/Graphics/Meshes/IL3DN_Plant_Grass_03.fbx
  artifactKey: Guid(ec784c7b88655ec4cb66660887fc5230) Importer(815301076,1909f56bfc062723c751e8b465ee728b)
Start importing Assets/IL3DN/Graphics/Meshes/IL3DN_Plant_Grass_03.fbx using Guid(ec784c7b88655ec4cb66660887fc5230) Importer(815301076,1909f56bfc062723c751e8b465ee728b)  -> (artifact id: '435a35ca2edfdb8feff9c9843e15fa2b') in 0.623220 seconds 
========================================================================
Received Import Request.
  Time since last request: 0.002475 seconds.
  path: Assets/IL3DN/Graphics/Meshes/IL3DN_GroundPatch.FBX
  artifactKey: Guid(0da06f2ff0ecf1041ab9326237b87a16) Importer(815301076,1909f56bfc062723c751e8b465ee728b)
Start importing Assets/IL3DN/Graphics/Meshes/IL3DN_GroundPatch.FBX using Guid(0da06f2ff0ecf1041ab9326237b87a16) Importer(815301076,1909f56bfc062723c751e8b465ee728b)  -> (artifact id: '42c8a5987791dbe723b8fc3dad8d0fc6') in 0.348304 seconds 
========================================================================
Received Import Request.
  Time since last request: 0.000682 seconds.
  path: Assets/IL3DN/Graphics/Meshes/IL3DN_Plant_Grass_02.fbx
  artifactKey: Guid(b6a1e1d012011ea44ade9de6cd00137c) Importer(815301076,1909f56bfc062723c751e8b465ee728b)
Start importing Assets/IL3DN/Graphics/Meshes/IL3DN_Plant_Grass_02.fbx using Guid(b6a1e1d012011ea44ade9de6cd00137c) Importer(815301076,1909f56bfc062723c751e8b465ee728b)  -> (artifact id: 'baeafec546e50305ed273ee8a49945a7') in 0.445786 seconds 
========================================================================
Received Import Request.
  Time since last request: 0.000549 seconds.
  path: Assets/IL3DN/Graphics/Meshes/IL3DN_Tree_Pine_03_OneMesh.FBX
  artifactKey: Guid(854c706ddb05fa4499ec86dd9ef9f690) Importer(815301076,1909f56bfc062723c751e8b465ee728b)
Start importing Assets/IL3DN/Graphics/Meshes/IL3DN_Tree_Pine_03_OneMesh.FBX using Guid(854c706ddb05fa4499ec86dd9ef9f690) Importer(815301076,1909f56bfc062723c751e8b465ee728b)  -> (artifact id: '7870e8dcc2ca1ee72e4315a2be158780') in 0.658081 seconds 
========================================================================
Received Import Request.
  Time since last request: 708.598413 seconds.
  path: Assets/IL3DN/Graphics/Materials/IL3DN_Bark_Pine.mat
  artifactKey: Guid(67b02231ef0c8bf41b0a5248e99081ef) Importer(815301076,1909f56bfc062723c751e8b465ee728b)
Start importing Assets/IL3DN/Graphics/Materials/IL3DN_Bark_Pine.mat using Guid(67b02231ef0c8bf41b0a5248e99081ef) Importer(815301076,1909f56bfc062723c751e8b465ee728b)  -> (artifact id: 'e8bec42f2b49657210fc16550cbc9fb8') in 1.503728 seconds 
========================================================================
Received Import Request.
  Time since last request: 0.000497 seconds.
  path: Assets/IL3DN/Graphics/Materials/IL3DN_WindNoise.mat
  artifactKey: Guid(da272b8ba9e5c8441a868dc0dd4e35df) Importer(815301076,1909f56bfc062723c751e8b465ee728b)
Start importing Assets/IL3DN/Graphics/Materials/IL3DN_WindNoise.mat using Guid(da272b8ba9e5c8441a868dc0dd4e35df) Importer(815301076,1909f56bfc062723c751e8b465ee728b)  -> (artifact id: 'be616662aad6948d4fcb46f0f724a4ab') in 0.109346 seconds 
========================================================================
Received Import Request.
  Time since last request: 0.000510 seconds.
  path: Assets/IL3DN/Graphics/Materials/IL3DN_Pine_01.mat
  artifactKey: Guid(029a75b2680e0a64386e4b780e89a750) Importer(815301076,1909f56bfc062723c751e8b465ee728b)
Start importing Assets/IL3DN/Graphics/Materials/IL3DN_Pine_01.mat using Guid(029a75b2680e0a64386e4b780e89a750) Importer(815301076,1909f56bfc062723c751e8b465ee728b)  -> (artifact id: '92ce8424469f19f1782414306153c440') in 0.050072 seconds 
========================================================================
Received Import Request.
  Time since last request: 0.000427 seconds.
  path: Assets/IL3DN/Graphics/Materials/IL3DN_FX_GradientRadial.mat
  artifactKey: Guid(7a9daca321763fa46832ddac53fc4145) Importer(815301076,1909f56bfc062723c751e8b465ee728b)
Start importing Assets/IL3DN/Graphics/Materials/IL3DN_FX_GradientRadial.mat using Guid(7a9daca321763fa46832ddac53fc4145) Importer(815301076,1909f56bfc062723c751e8b465ee728b)  -> (artifact id: 'bd2d875cd37dc5f9f19f13dde4c74aea') in 0.257217 seconds 
========================================================================
Received Import Request.
  Time since last request: 110.014663 seconds.
  path: Assets/FROOD/Materials/Watermelon4.mat
  artifactKey: Guid(4cced862ed613b74ca14693c1f47b704) Importer(815301076,1909f56bfc062723c751e8b465ee728b)
Start importing Assets/FROOD/Materials/Watermelon4.mat using Guid(4cced862ed613b74ca14693c1f47b704) Importer(815301076,1909f56bfc062723c751e8b465ee728b)  -> (artifact id: 'fdbeeff11849517f283460e0c10c9020') in 0.559891 seconds 
========================================================================
Received Import Request.
  Time since last request: 0.000465 seconds.
  path: Assets/FROOD/Materials/Wrap.mat
  artifactKey: Guid(06239eb49acce784e9db153ffd5e9765) Importer(815301076,1909f56bfc062723c751e8b465ee728b)
Start importing Assets/FROOD/Materials/Wrap.mat using Guid(06239eb49acce784e9db153ffd5e9765) Importer(815301076,1909f56bfc062723c751e8b465ee728b)  -> (artifact id: '69c32c8e2ace8bd3c4965085cd8ca688') in 0.294935 seconds 
AssetImportWorkerClient::OnTransportError - code=2 error=End of file
