Using pre-set license
Built from '2020.3/staging' branch; Version is '2020.3.38f1 (8f5fde82e2dc) revision 9396190'; Using compiler version '192528614'; Build Type 'Release'
OS: 'Windows 10  (10.0.19044) 64bit Professional' Language: 'en' Physical Memory: 4001 MB
BatchMode: 1, IsHumanControllingUs: 0, StartBugReporterOnCrash: 0, Is64bit: 1, IsPro: 0

COMMAND LINE ARGUMENTS:
D:\Unity 2020.3.38f1\Editor\Unity.exe
-adb2
-batchMode
-noUpm
-name
AssetImportWorker0
-projectPath
C:/Users/MZ COMPUTER/My project (7)
-logFile
Logs/AssetImportWorker0.log
-srvPort
57262
Successfully changed project path to: C:/Users/MZ COMPUTER/My project (7)
C:/Users/MZ COMPUTER/My project (7)
Using Asset Import Pipeline V2.
Refreshing native plugins compatible for Editor in 206.53 ms, found 2 plugins.
Preloading 0 native plugins for Editor in 0.00 ms.
Initialize engine version: 2020.3.38f1 (8f5fde82e2dc)
[Subsystems] Discovering subsystems at path D:/Unity 2020.3.38f1/Editor/Data/Resources/UnitySubsystems
[Subsystems] Discovering subsystems at path C:/Users/MZ COMPUTER/My project (7)/Assets
GfxDevice: creating device client; threaded=0
Direct3D:
    Version:  Direct3D 11.0 [level 11.1]
    Renderer: Intel(R) HD Graphics Family (ID=0xa16)
    Vendor:   
    VRAM:     2000 MB
    Driver:   20.19.15.5063
Initialize mono
Mono path[0] = 'D:/Unity 2020.3.38f1/Editor/Data/Managed'
Mono path[1] = 'D:/Unity 2020.3.38f1/Editor/Data/MonoBleedingEdge/lib/mono/unityjit'
Mono config path = 'D:/Unity 2020.3.38f1/Editor/Data/MonoBleedingEdge/etc'
Using monoOptions --debugger-agent=transport=dt_socket,embedding=1,server=y,suspend=n,address=127.0.0.1:56072
Begin MonoManager ReloadAssembly
Registering precompiled unity dll's ...
Register platform support module: D:/Unity 2020.3.38f1/Editor/Data/PlaybackEngines/WindowsStandaloneSupport/UnityEditor.WindowsStandalone.Extensions.dll
Registered in 0.003501 seconds.
Native extension for WindowsStandalone target not found
Refreshing native plugins compatible for Editor in 158.85 ms, found 2 plugins.
Preloading 0 native plugins for Editor in 0.00 ms.
Mono: successfully reloaded assembly
- Completed reload, in  1.793 seconds
Domain Reload Profiling:
	ReloadAssembly (1794ms)
		BeginReloadAssembly (234ms)
			ExecutionOrderSort (0ms)
			DisableScriptedObjects (0ms)
			BackupInstance (0ms)
			ReleaseScriptingObjects (3ms)
			CreateAndSetChildDomain (10ms)
		EndReloadAssembly (1363ms)
			LoadAssemblies (220ms)
			RebuildTransferFunctionScriptingTraits (1ms)
			SetupTypeCache (449ms)
			ReleaseScriptCaches (0ms)
			RebuildScriptCaches (80ms)
			SetupLoadedEditorAssemblies (550ms)
				LogAssemblyErrors (0ms)
				InitializePlatformSupportModulesInManaged (7ms)
				SetLoadedEditorAssemblies (0ms)
				RefreshPlugins (159ms)
				BeforeProcessingInitializeOnLoad (45ms)
				ProcessInitializeOnLoadAttributes (243ms)
				ProcessInitializeOnLoadMethodAttributes (95ms)
				AfterProcessingInitializeOnLoad (0ms)
				EditorAssembliesLoaded (1ms)
			ExecutionOrderSort2 (0ms)
			AwakeInstancesAfterBackupRestoration (0ms)
Platform modules already initialized, skipping
Registering precompiled user dll's ...
Registered in 0.038214 seconds.
Begin MonoManager ReloadAssembly
Native extension for WindowsStandalone target not found
Refreshing native plugins compatible for Editor in 1.43 ms, found 2 plugins.
Preloading 0 native plugins for Editor in 0.00 ms.
Mono: successfully reloaded assembly
- Completed reload, in  3.862 seconds
Domain Reload Profiling:
	ReloadAssembly (3865ms)
		BeginReloadAssembly (423ms)
			ExecutionOrderSort (0ms)
			DisableScriptedObjects (19ms)
			BackupInstance (0ms)
			ReleaseScriptingObjects (0ms)
			CreateAndSetChildDomain (48ms)
		EndReloadAssembly (3269ms)
			LoadAssemblies (413ms)
			RebuildTransferFunctionScriptingTraits (0ms)
			SetupTypeCache (1065ms)
			ReleaseScriptCaches (2ms)
			RebuildScriptCaches (136ms)
			SetupLoadedEditorAssemblies (1378ms)
				LogAssemblyErrors (0ms)
				InitializePlatformSupportModulesInManaged (8ms)
				SetLoadedEditorAssemblies (1ms)
				RefreshPlugins (2ms)
				BeforeProcessingInitializeOnLoad (311ms)
				ProcessInitializeOnLoadAttributes (807ms)
				ProcessInitializeOnLoadMethodAttributes (245ms)
				AfterProcessingInitializeOnLoad (4ms)
				EditorAssembliesLoaded (0ms)
			ExecutionOrderSort2 (0ms)
			AwakeInstancesAfterBackupRestoration (5ms)
Platform modules already initialized, skipping
========================================================================
Worker process is ready to serve import requests
Launched and connected shader compiler UnityShaderCompiler.exe after 0.21 seconds
Refreshing native plugins compatible for Editor in 1.93 ms, found 2 plugins.
Preloading 0 native plugins for Editor in 0.00 ms.
Unloading 2385 Unused Serialized files (Serialized files now loaded: 0)
System memory in use before: 106.2 MB.
System memory in use after: 106.4 MB.

Unloading 60 unused Assets to reduce memory usage. Loaded Objects now: 2813.
Total: 35.563100 ms (FindLiveObjects: 0.481100 ms CreateObjectMapping: 0.358500 ms MarkObjects: 34.450000 ms  DeleteObjects: 0.270000 ms)

AssetImportParameters requested are different than current active one (requested -> active):
  custom:framework-win-MediaFoundation: 216162199b28c13a410421893ffa2e32 -> 
  custom:video-decoder-ogg-theora: a1e56fd34408186e4bbccfd4996cb3dc -> 
  custom:container-muxer-webm: aa71ff27fc2769a1b78a27578f13a17b -> 
  custom:container-demuxer-webm: 4f35f7cbe854078d1ac9338744f61a02 -> 
  custom:container-demuxer-ogg: 62fdf1f143b41e24485cea50d1cbac27 -> 
  custom:video-encoder-webm-vp8: eb34c28f22e8b96e1ab97ce403110664 -> 
  custom:video-decoder-webm-vp8: 9c59270c3fd7afecdb556c50c9e8de78 -> 
  custom:audio-decoder-ogg-vorbis: bf7c407c2cedff20999df2af8eb42d56 -> 
  custom:audio-encoder-webm-vorbis: bf7c407c2cedff20999df2af8eb42d56 -> 
========================================================================
Received Import Request.
  path: Assets/Low_Poly_Mini_Village/Art/Meshes/House_1.FBX
  artifactKey: Guid(1a68a99d68aa44444818203ea6391ec7) Importer(815301076,1909f56bfc062723c751e8b465ee728b)
Start importing Assets/Low_Poly_Mini_Village/Art/Meshes/House_1.FBX using Guid(1a68a99d68aa44444818203ea6391ec7) Importer(815301076,1909f56bfc062723c751e8b465ee728b)  -> (artifact id: '47b3aaa3026f24d983efcde04f673dd6') in 0.527970 seconds 
========================================================================
Received Import Request.
  Time since last request: 0.000934 seconds.
  path: Assets/Low_Poly_Mini_Village/Art/Meshes/Ground.FBX
  artifactKey: Guid(0bd8ec2f6ae44d947b7afca8d28f4f46) Importer(815301076,1909f56bfc062723c751e8b465ee728b)
Start importing Assets/Low_Poly_Mini_Village/Art/Meshes/Ground.FBX using Guid(0bd8ec2f6ae44d947b7afca8d28f4f46) Importer(815301076,1909f56bfc062723c751e8b465ee728b)  -> (artifact id: '35870791beb48fbfc00ced8cebf8e433') in 0.043667 seconds 
========================================================================
Received Import Request.
  Time since last request: 0.000341 seconds.
  path: Assets/Low_Poly_Mini_Village/Art/Meshes/Base.FBX
  artifactKey: Guid(19db9f6aa0274504589f46f459949651) Importer(815301076,1909f56bfc062723c751e8b465ee728b)
Start importing Assets/Low_Poly_Mini_Village/Art/Meshes/Base.FBX using Guid(19db9f6aa0274504589f46f459949651) Importer(815301076,1909f56bfc062723c751e8b465ee728b)  -> (artifact id: '16c5f64d75bdf2d1766b19b91974721d') in 0.077486 seconds 
========================================================================
Received Import Request.
  Time since last request: 0.000381 seconds.
  path: Assets/Low_Poly_Mini_Village/Art/Meshes/Caravan_1.FBX
  artifactKey: Guid(a894f1a2da70cda4eb4b599e12ad2df9) Importer(815301076,1909f56bfc062723c751e8b465ee728b)
Start importing Assets/Low_Poly_Mini_Village/Art/Meshes/Caravan_1.FBX using Guid(a894f1a2da70cda4eb4b599e12ad2df9) Importer(815301076,1909f56bfc062723c751e8b465ee728b)  -> (artifact id: 'a25943a25376fd20cdc669d33a06669c') in 0.324858 seconds 
========================================================================
Received Import Request.
  Time since last request: 0.000516 seconds.
  path: Assets/Low_Poly_Mini_Village/Art/Meshes/Electric_pole.FBX
  artifactKey: Guid(f00225fe39638eb47bee381a6a368885) Importer(815301076,1909f56bfc062723c751e8b465ee728b)
Start importing Assets/Low_Poly_Mini_Village/Art/Meshes/Electric_pole.FBX using Guid(f00225fe39638eb47bee381a6a368885) Importer(815301076,1909f56bfc062723c751e8b465ee728b)  -> (artifact id: 'bfa801d905deff840e4f37ff5ce19c9b') in 0.143691 seconds 
========================================================================
Received Import Request.
  Time since last request: 0.000430 seconds.
  path: Assets/Low_Poly_Mini_Village/Art/Meshes/Grass_1.FBX
  artifactKey: Guid(c3702aeb8f0cb824d93495bc4cca9ee8) Importer(815301076,1909f56bfc062723c751e8b465ee728b)
Start importing Assets/Low_Poly_Mini_Village/Art/Meshes/Grass_1.FBX using Guid(c3702aeb8f0cb824d93495bc4cca9ee8) Importer(815301076,1909f56bfc062723c751e8b465ee728b)  -> (artifact id: '5a512742c52b70017d8a17df5a9ae387') in 0.142789 seconds 
========================================================================
Received Import Request.
  Time since last request: 0.000344 seconds.
  path: Assets/Low_Poly_Mini_Village/Art/Meshes/House_2.FBX
  artifactKey: Guid(c2b23b792f221a1409aaa4cae01e959f) Importer(815301076,1909f56bfc062723c751e8b465ee728b)
Start importing Assets/Low_Poly_Mini_Village/Art/Meshes/House_2.FBX using Guid(c2b23b792f221a1409aaa4cae01e959f) Importer(815301076,1909f56bfc062723c751e8b465ee728b)  -> (artifact id: 'c219e9e3e1b68eded8ccba1de93760e6') in 0.049584 seconds 
========================================================================
Received Import Request.
  Time since last request: 0.000873 seconds.
  path: Assets/Low_Poly_Mini_Village/Art/Meshes/Grass_3.FBX
  artifactKey: Guid(eee5ad291a303524a8c9c983668125c9) Importer(815301076,1909f56bfc062723c751e8b465ee728b)
Start importing Assets/Low_Poly_Mini_Village/Art/Meshes/Grass_3.FBX using Guid(eee5ad291a303524a8c9c983668125c9) Importer(815301076,1909f56bfc062723c751e8b465ee728b)  -> (artifact id: 'e21924d531270a899450dca53bdece3e') in 0.104633 seconds 
========================================================================
Received Import Request.
  Time since last request: 0.000369 seconds.
  path: Assets/Low_Poly_Mini_Village/Art/Meshes/Grass_2.FBX
  artifactKey: Guid(091305248b55e4f46b7f3990aee3442c) Importer(815301076,1909f56bfc062723c751e8b465ee728b)
Start importing Assets/Low_Poly_Mini_Village/Art/Meshes/Grass_2.FBX using Guid(091305248b55e4f46b7f3990aee3442c) Importer(815301076,1909f56bfc062723c751e8b465ee728b)  -> (artifact id: '689e33778f9aac28edc936c1f8042483') in 0.111007 seconds 
========================================================================
Received Import Request.
  Time since last request: 0.000362 seconds.
  path: Assets/Low_Poly_Mini_Village/Art/Meshes/Church_1.FBX
  artifactKey: Guid(2efab142ea16dc343808953982735a99) Importer(815301076,1909f56bfc062723c751e8b465ee728b)
Start importing Assets/Low_Poly_Mini_Village/Art/Meshes/Church_1.FBX using Guid(2efab142ea16dc343808953982735a99) Importer(815301076,1909f56bfc062723c751e8b465ee728b)  -> (artifact id: '7b5201a2ab88fa8f76122cb0527deac7') in 0.073715 seconds 
========================================================================
Received Import Request.
  Time since last request: 0.003204 seconds.
  path: Assets/Low_Poly_Mini_Village/Art/Meshes/Electric_cable.FBX
  artifactKey: Guid(5be5f9e659fdb0745a2ad6f0c8b0b424) Importer(815301076,1909f56bfc062723c751e8b465ee728b)
Start importing Assets/Low_Poly_Mini_Village/Art/Meshes/Electric_cable.FBX using Guid(5be5f9e659fdb0745a2ad6f0c8b0b424) Importer(815301076,1909f56bfc062723c751e8b465ee728b)  -> (artifact id: '7a0c93a8f1be4683febba83fd92aa7a9') in 0.089911 seconds 
========================================================================
Received Import Request.
  Time since last request: 2167.363099 seconds.
  path: Assets/Low_Poly_Mini_Village/Skyboxes/Sky1.mat
  artifactKey: Guid(25fd04c0b2420484cab8755e4c426768) Importer(815301076,1909f56bfc062723c751e8b465ee728b)
Start importing Assets/Low_Poly_Mini_Village/Skyboxes/Sky1.mat using Guid(25fd04c0b2420484cab8755e4c426768) Importer(815301076,1909f56bfc062723c751e8b465ee728b)  -> (artifact id: 'adb2f27ff0bc5219a5def037302247ab') in 0.505131 seconds 
========================================================================
Received Import Request.
  Time since last request: 0.000386 seconds.
  path: Assets/Low_Poly_Mini_Village/Skyboxes/Sky2.mat
  artifactKey: Guid(bbe1d6a37b4c5e2409cc5aa8a38b05a4) Importer(815301076,1909f56bfc062723c751e8b465ee728b)
Start importing Assets/Low_Poly_Mini_Village/Skyboxes/Sky2.mat using Guid(bbe1d6a37b4c5e2409cc5aa8a38b05a4) Importer(815301076,1909f56bfc062723c751e8b465ee728b)  -> (artifact id: '9b2353d78f3cbe13a547ca673601b12b') in 0.063652 seconds 
========================================================================
Received Import Request.
  Time since last request: 0.000925 seconds.
  path: Assets/Low_Poly_Mini_Village/Skyboxes/Sky3.mat
  artifactKey: Guid(47cd86021c335854592b2fcf105c3e2c) Importer(815301076,1909f56bfc062723c751e8b465ee728b)
Start importing Assets/Low_Poly_Mini_Village/Skyboxes/Sky3.mat using Guid(47cd86021c335854592b2fcf105c3e2c) Importer(815301076,1909f56bfc062723c751e8b465ee728b)  -> (artifact id: '59be3742f21e976f52c90a9ff6232679') in 0.073839 seconds 
========================================================================
Received Import Request.
  Time since last request: 472.616096 seconds.
  path: Assets/Low_Poly_Mini_Village/Art/Materials/1.mat
  artifactKey: Guid(edb3130a1ebb40d4ab78082b0aa98920) Importer(815301076,1909f56bfc062723c751e8b465ee728b)
Start importing Assets/Low_Poly_Mini_Village/Art/Materials/1.mat using Guid(edb3130a1ebb40d4ab78082b0aa98920) Importer(815301076,1909f56bfc062723c751e8b465ee728b)  -> (artifact id: 'b6949c76a092d303e84db41ef433859b') in 0.073371 seconds 
========================================================================
Received Import Request.
  Time since last request: 0.000417 seconds.
  path: Assets/Low_Poly_Mini_Village/Art/Materials/2.mat
  artifactKey: Guid(c6320de8e4a60c14586113b87169e276) Importer(815301076,1909f56bfc062723c751e8b465ee728b)
Start importing Assets/Low_Poly_Mini_Village/Art/Materials/2.mat using Guid(c6320de8e4a60c14586113b87169e276) Importer(815301076,1909f56bfc062723c751e8b465ee728b)  -> (artifact id: 'c3f7b1620e2784ee7a18a03dca34051a') in 0.065513 seconds 
========================================================================
Received Import Request.
  Time since last request: 0.000516 seconds.
  path: Assets/Low_Poly_Mini_Village/Art/Materials/3.mat
  artifactKey: Guid(a302e565754c5264ab7da080db18cd1c) Importer(815301076,1909f56bfc062723c751e8b465ee728b)
Start importing Assets/Low_Poly_Mini_Village/Art/Materials/3.mat using Guid(a302e565754c5264ab7da080db18cd1c) Importer(815301076,1909f56bfc062723c751e8b465ee728b)  -> (artifact id: 'da11c81ad2068e19c51ed12bdd4b22c7') in 0.064136 seconds 
========================================================================
Received Import Request.
  Time since last request: 0.000460 seconds.
  path: Assets/Low_Poly_Mini_Village/Art/Materials/Grass.mat
  artifactKey: Guid(868fa0b6b781f074c9ae2b04e2c53a3d) Importer(815301076,1909f56bfc062723c751e8b465ee728b)
Start importing Assets/Low_Poly_Mini_Village/Art/Materials/Grass.mat using Guid(868fa0b6b781f074c9ae2b04e2c53a3d) Importer(815301076,1909f56bfc062723c751e8b465ee728b)  -> (artifact id: '2a50c0b35c9a408df2e8d22e719a6702') in 0.136260 seconds 
========================================================================
Received Import Request.
  Time since last request: 21.532180 seconds.
  path: Assets/Low_Poly_Mini_Village/Art/Textures/Gnd.png
  artifactKey: Guid(d8732902c9f48d14ca1023bd189d0b19) Importer(815301076,1909f56bfc062723c751e8b465ee728b)
Start importing Assets/Low_Poly_Mini_Village/Art/Textures/Gnd.png using Guid(d8732902c9f48d14ca1023bd189d0b19) Importer(815301076,1909f56bfc062723c751e8b465ee728b)  -> (artifact id: '1b5f1d3d169b4dff9bf0d2803f1ba06e') in 0.147549 seconds 
========================================================================
Received Import Request.
  Time since last request: 0.001971 seconds.
  path: Assets/Low_Poly_Mini_Village/Art/Textures/Grass.png
  artifactKey: Guid(9489cbe966a2799439fc7daf9893d150) Importer(815301076,1909f56bfc062723c751e8b465ee728b)
Start importing Assets/Low_Poly_Mini_Village/Art/Textures/Grass.png using Guid(9489cbe966a2799439fc7daf9893d150) Importer(815301076,1909f56bfc062723c751e8b465ee728b)  -> (artifact id: 'f1eb4d4b20b9035d36a79af6accb913d') in 0.072367 seconds 
========================================================================
Received Import Request.
  Time since last request: 0.000516 seconds.
  path: Assets/Low_Poly_Mini_Village/Art/Textures/Texture.png
  artifactKey: Guid(9be368a579962854abcf3f9624d06d1b) Importer(815301076,1909f56bfc062723c751e8b465ee728b)
Start importing Assets/Low_Poly_Mini_Village/Art/Textures/Texture.png using Guid(9be368a579962854abcf3f9624d06d1b) Importer(815301076,1909f56bfc062723c751e8b465ee728b)  -> (artifact id: '7e6c43d2b2ff0f807abcbbefc6f8be58') in 0.070235 seconds 
========================================================================
Received Import Request.
  Time since last request: 21.963825 seconds.
  path: Assets/Low_Poly_Mini_Village/Art/Materials/Gnd.mat
  artifactKey: Guid(800c0a0850803a944bda67a7635fae45) Importer(815301076,1909f56bfc062723c751e8b465ee728b)
Start importing Assets/Low_Poly_Mini_Village/Art/Materials/Gnd.mat using Guid(800c0a0850803a944bda67a7635fae45) Importer(815301076,1909f56bfc062723c751e8b465ee728b)  -> (artifact id: 'e98a6efe0a709a19a75b3a215a527c6f') in 0.066186 seconds 
========================================================================
Received Import Request.
  Time since last request: 35.896288 seconds.
  path: Assets/Desert_Village_LowPoly_HDRP/Meshes
  artifactKey: Guid(47e4a197754b0f248b417493f34a995e) Importer(815301076,1909f56bfc062723c751e8b465ee728b)
Start importing Assets/Desert_Village_LowPoly_HDRP/Meshes using Guid(47e4a197754b0f248b417493f34a995e) Importer(815301076,1909f56bfc062723c751e8b465ee728b)  -> (artifact id: '383d3ecbc38e062e86f911cacbec9d40') in 0.016937 seconds 
========================================================================
Received Import Request.
  Time since last request: 1.042480 seconds.
  path: Assets/Desert_Village_LowPoly_HDRP/Materials
  artifactKey: Guid(fd61daf68255ce543ae586c86b44e6dc) Importer(815301076,1909f56bfc062723c751e8b465ee728b)
Start importing Assets/Desert_Village_LowPoly_HDRP/Materials using Guid(fd61daf68255ce543ae586c86b44e6dc) Importer(815301076,1909f56bfc062723c751e8b465ee728b)  -> (artifact id: '25a412cf4727103deefdd7a767f53cc0') in 0.018961 seconds 
========================================================================
Received Import Request.
  Time since last request: 23.255885 seconds.
  path: Assets/Cloudy Summer Day Skybox/Materials/CloudySummerDaySkybox_cubemap.mat
  artifactKey: Guid(ad90cbc24041405418f7ce0a8444e0dd) Importer(815301076,1909f56bfc062723c751e8b465ee728b)
Start importing Assets/Cloudy Summer Day Skybox/Materials/CloudySummerDaySkybox_cubemap.mat using Guid(ad90cbc24041405418f7ce0a8444e0dd) Importer(815301076,1909f56bfc062723c751e8b465ee728b)  -> (artifact id: '5302c9a259b2c7c8870e463513862068') in 0.158725 seconds 
========================================================================
Received Import Request.
  Time since last request: 43.296608 seconds.
  path: Assets/AK Studio Art/Waste Can/Materials
  artifactKey: Guid(2bb057789e710d349ad63c58982ce62a) Importer(815301076,1909f56bfc062723c751e8b465ee728b)
Start importing Assets/AK Studio Art/Waste Can/Materials using Guid(2bb057789e710d349ad63c58982ce62a) Importer(815301076,1909f56bfc062723c751e8b465ee728b)  -> (artifact id: '7d84ca52cea5ec678bf5427234df767f') in 0.010705 seconds 
========================================================================
Received Import Request.
  Time since last request: 24.309709 seconds.
  path: Assets/FROOD/Materials
  artifactKey: Guid(612f277995a92a740bec28f4be8c528f) Importer(815301076,1909f56bfc062723c751e8b465ee728b)
Start importing Assets/FROOD/Materials using Guid(612f277995a92a740bec28f4be8c528f) Importer(815301076,1909f56bfc062723c751e8b465ee728b)  -> (artifact id: '5f926f0f0bb163a912fb278075b5977c') in 0.008458 seconds 
========================================================================
Received Import Request.
  Time since last request: 0.054876 seconds.
  path: Assets/FROOD/Materials/Apple.mat
  artifactKey: Guid(ca135870d6b002d468e306d039e66fa4) Importer(815301076,1909f56bfc062723c751e8b465ee728b)
Start importing Assets/FROOD/Materials/Apple.mat using Guid(ca135870d6b002d468e306d039e66fa4) Importer(815301076,1909f56bfc062723c751e8b465ee728b)  -> (artifact id: '0143e3361a278bb8ee986906f495c0c0') in 0.066763 seconds 
========================================================================
Received Import Request.
  Time since last request: 0.001552 seconds.
  path: Assets/FROOD/Materials/HamRed.mat
  artifactKey: Guid(87f51789010599147ba40e3bdd865ed9) Importer(815301076,1909f56bfc062723c751e8b465ee728b)
Start importing Assets/FROOD/Materials/HamRed.mat using Guid(87f51789010599147ba40e3bdd865ed9) Importer(815301076,1909f56bfc062723c751e8b465ee728b)  -> (artifact id: '4d1b34c08755f446b2150ab0254af775') in 0.061262 seconds 
========================================================================
Received Import Request.
  Time since last request: 0.000848 seconds.
  path: Assets/FROOD/Materials/Drink2.mat
  artifactKey: Guid(01d300f90f2357c448288f487b60bf93) Importer(815301076,1909f56bfc062723c751e8b465ee728b)
Start importing Assets/FROOD/Materials/Drink2.mat using Guid(01d300f90f2357c448288f487b60bf93) Importer(815301076,1909f56bfc062723c751e8b465ee728b)  -> (artifact id: 'fb1da1220e66120b99ce9a6d5c3147c2') in 0.075343 seconds 
========================================================================
Received Import Request.
  Time since last request: 0.000380 seconds.
  path: Assets/FROOD/Materials/Cake3.mat
  artifactKey: Guid(27af114c2a577fd4f81b01013670d882) Importer(815301076,1909f56bfc062723c751e8b465ee728b)
Start importing Assets/FROOD/Materials/Cake3.mat using Guid(27af114c2a577fd4f81b01013670d882) Importer(815301076,1909f56bfc062723c751e8b465ee728b)  -> (artifact id: 'fe65b4ea119e0fd12a21d254e3077b79') in 0.086427 seconds 
========================================================================
Received Import Request.
  Time since last request: 0.000359 seconds.
  path: Assets/FROOD/Materials/Cookie.mat
  artifactKey: Guid(48e242ba54b63994c8b40fefe99f68ee) Importer(815301076,1909f56bfc062723c751e8b465ee728b)
Start importing Assets/FROOD/Materials/Cookie.mat using Guid(48e242ba54b63994c8b40fefe99f68ee) Importer(815301076,1909f56bfc062723c751e8b465ee728b)  -> (artifact id: '5bfe4cdc50902f40018ac64b0c1e862b') in 0.084717 seconds 
========================================================================
Received Import Request.
  Time since last request: 0.000452 seconds.
  path: Assets/FROOD/Materials/LiquidGreen.mat
  artifactKey: Guid(e5ff36beb481a0a40b4abd06164d7aa6) Importer(815301076,1909f56bfc062723c751e8b465ee728b)
Start importing Assets/FROOD/Materials/LiquidGreen.mat using Guid(e5ff36beb481a0a40b4abd06164d7aa6) Importer(815301076,1909f56bfc062723c751e8b465ee728b)  -> (artifact id: '107fbe2d76d32551bd6460214bce266b') in 0.092441 seconds 
========================================================================
Received Import Request.
  Time since last request: 0.000330 seconds.
  path: Assets/FROOD/Materials/Cake.mat
  artifactKey: Guid(a8f5cd6d6666d8b48a27b028ac08ee8b) Importer(815301076,1909f56bfc062723c751e8b465ee728b)
Start importing Assets/FROOD/Materials/Cake.mat using Guid(a8f5cd6d6666d8b48a27b028ac08ee8b) Importer(815301076,1909f56bfc062723c751e8b465ee728b)  -> (artifact id: '9a7f4a6bdeb86fe7b740c568bf127beb') in 0.073398 seconds 
========================================================================
Received Import Request.
  Time since last request: 0.000508 seconds.
  path: Assets/FROOD/Materials/Cap.mat
  artifactKey: Guid(8023985f6bcd56e42937087e1d749c9e) Importer(815301076,1909f56bfc062723c751e8b465ee728b)
Start importing Assets/FROOD/Materials/Cap.mat using Guid(8023985f6bcd56e42937087e1d749c9e) Importer(815301076,1909f56bfc062723c751e8b465ee728b)  -> (artifact id: 'e6064ab2cdc6cfbe67cbee405727d478') in 0.068587 seconds 
========================================================================
Received Import Request.
  Time since last request: 0.000548 seconds.
  path: Assets/FROOD/Materials/LiquidBlue.mat
  artifactKey: Guid(549384ee33a17a64dbaaaa21d2443d60) Importer(815301076,1909f56bfc062723c751e8b465ee728b)
Start importing Assets/FROOD/Materials/LiquidBlue.mat using Guid(549384ee33a17a64dbaaaa21d2443d60) Importer(815301076,1909f56bfc062723c751e8b465ee728b)  -> (artifact id: '40f8ea084debfb61afeec4fd009fe57f') in 0.073891 seconds 
========================================================================
Received Import Request.
  Time since last request: 0.000410 seconds.
  path: Assets/FROOD/Materials/Bone.mat
  artifactKey: Guid(b7b74172825ef2146be4998a95a72e4e) Importer(815301076,1909f56bfc062723c751e8b465ee728b)
Start importing Assets/FROOD/Materials/Bone.mat using Guid(b7b74172825ef2146be4998a95a72e4e) Importer(815301076,1909f56bfc062723c751e8b465ee728b)  -> (artifact id: 'd106ea608caeccbb5bb4bbbef9fb6f84') in 0.065573 seconds 
========================================================================
Received Import Request.
  Time since last request: 0.000434 seconds.
  path: Assets/FROOD/Materials/Chocolate.mat
  artifactKey: Guid(6127a63b163509943adcfd54aef178bd) Importer(815301076,1909f56bfc062723c751e8b465ee728b)
Start importing Assets/FROOD/Materials/Chocolate.mat using Guid(6127a63b163509943adcfd54aef178bd) Importer(815301076,1909f56bfc062723c751e8b465ee728b)  -> (artifact id: '608a060f26247d8e39cea9e2acaf61aa') in 0.123387 seconds 
========================================================================
Received Import Request.
  Time since last request: 0.000556 seconds.
  path: Assets/FROOD/Materials/Cake2.mat
  artifactKey: Guid(985094455ff7a284b8c03235924939ce) Importer(815301076,1909f56bfc062723c751e8b465ee728b)
Start importing Assets/FROOD/Materials/Cake2.mat using Guid(985094455ff7a284b8c03235924939ce) Importer(815301076,1909f56bfc062723c751e8b465ee728b)  -> (artifact id: 'ae825d8cf0f56b34041d50ba1be3cc47') in 0.087685 seconds 
========================================================================
Received Import Request.
  Time since last request: 0.000772 seconds.
  path: Assets/FROOD/Materials/Drink1.mat
  artifactKey: Guid(54c811b14c4d53f408f1a1bac0806fc0) Importer(815301076,1909f56bfc062723c751e8b465ee728b)
Start importing Assets/FROOD/Materials/Drink1.mat using Guid(54c811b14c4d53f408f1a1bac0806fc0) Importer(815301076,1909f56bfc062723c751e8b465ee728b)  -> (artifact id: '28ee1e18c13622d77b3024cb6d3099b4') in 0.094221 seconds 
========================================================================
Received Import Request.
  Time since last request: 0.000441 seconds.
  path: Assets/FROOD/Materials/Ham.mat
  artifactKey: Guid(07363222ddb77c74abd933c69f2a187e) Importer(815301076,1909f56bfc062723c751e8b465ee728b)
Start importing Assets/FROOD/Materials/Ham.mat using Guid(07363222ddb77c74abd933c69f2a187e) Importer(815301076,1909f56bfc062723c751e8b465ee728b)  -> (artifact id: '798dc740c84f934c2428a9d6d0443b84') in 0.090510 seconds 
========================================================================
Received Import Request.
  Time since last request: 0.000391 seconds.
  path: Assets/FROOD/Materials/HamBone.mat
  artifactKey: Guid(26c18aafd3814d44d81ab5d0b81f91c1) Importer(815301076,1909f56bfc062723c751e8b465ee728b)
Start importing Assets/FROOD/Materials/HamBone.mat using Guid(26c18aafd3814d44d81ab5d0b81f91c1) Importer(815301076,1909f56bfc062723c751e8b465ee728b)  -> (artifact id: '2a7e1be2b23968fc729000a4e3ebc8c8') in 0.086291 seconds 
========================================================================
Received Import Request.
  Time since last request: 0.000378 seconds.
  path: Assets/FROOD/Materials/Floor.mat
  artifactKey: Guid(b6148beadbdc1e147bf650c37ab8fc08) Importer(815301076,1909f56bfc062723c751e8b465ee728b)
Start importing Assets/FROOD/Materials/Floor.mat using Guid(b6148beadbdc1e147bf650c37ab8fc08) Importer(815301076,1909f56bfc062723c751e8b465ee728b)  -> (artifact id: 'f7d1a1385bd33a0a16f86b7ab80d2125') in 0.079023 seconds 
========================================================================
Received Import Request.
  Time since last request: 0.000388 seconds.
  path: Assets/FROOD/Materials/Bottle.mat
  artifactKey: Guid(735300fc24b4d64438c7f13e0c3237a9) Importer(815301076,1909f56bfc062723c751e8b465ee728b)
Start importing Assets/FROOD/Materials/Bottle.mat using Guid(735300fc24b4d64438c7f13e0c3237a9) Importer(815301076,1909f56bfc062723c751e8b465ee728b)  -> (artifact id: '4bfc157a2ceeb808fe680040c6423ac2') in 0.127064 seconds 
========================================================================
Received Import Request.
  Time since last request: 9.167551 seconds.
  path: Assets/LiquidFire Assets/Mausoleum/Materials
  artifactKey: Guid(903d4a7a1e366f7479023e2e77e90868) Importer(815301076,1909f56bfc062723c751e8b465ee728b)
Start importing Assets/LiquidFire Assets/Mausoleum/Materials using Guid(903d4a7a1e366f7479023e2e77e90868) Importer(815301076,1909f56bfc062723c751e8b465ee728b)  -> (artifact id: '4f69d084add9db4e096580ceda3dc1dd') in 0.007394 seconds 
========================================================================
Received Import Request.
  Time since last request: 0.051672 seconds.
  path: Assets/LiquidFire Assets/Mausoleum/Materials/MausoleumLFE.mat
  artifactKey: Guid(33c8236d945b46a4dbecc558ba44076c) Importer(815301076,1909f56bfc062723c751e8b465ee728b)
Start importing Assets/LiquidFire Assets/Mausoleum/Materials/MausoleumLFE.mat using Guid(33c8236d945b46a4dbecc558ba44076c) Importer(815301076,1909f56bfc062723c751e8b465ee728b)  -> (artifact id: '2b8ad16399ba0f34d2e444547be192ff') in 0.774391 seconds 
========================================================================
Received Import Request.
  Time since last request: 50.384052 seconds.
  path: Assets/Snowed Fence/Materials
  artifactKey: Guid(41e40578311764b4cabac6f657c85df3) Importer(815301076,1909f56bfc062723c751e8b465ee728b)
Start importing Assets/Snowed Fence/Materials using Guid(41e40578311764b4cabac6f657c85df3) Importer(815301076,1909f56bfc062723c751e8b465ee728b)  -> (artifact id: '5d225184dc667eee52e16880aa2565c0') in 0.011089 seconds 
========================================================================
Received Import Request.
  Time since last request: 13.470129 seconds.
  path: Assets/Snowed Fence/Textures/fence.jpg
  artifactKey: Guid(4ff06bf91a9349745a6da55061e30a7a) Importer(815301076,1909f56bfc062723c751e8b465ee728b)
Start importing Assets/Snowed Fence/Textures/fence.jpg using Guid(4ff06bf91a9349745a6da55061e30a7a) Importer(815301076,1909f56bfc062723c751e8b465ee728b)  -> (artifact id: 'f29a8f422759ca2953b6e259c917d758') in 0.111143 seconds 
========================================================================
Received Import Request.
  Time since last request: 11.906739 seconds.
  path: Assets/Unvik_3D/Cross_Plains/Textures
  artifactKey: Guid(321b826f71b72c048877f2032a34fd14) Importer(815301076,1909f56bfc062723c751e8b465ee728b)
Start importing Assets/Unvik_3D/Cross_Plains/Textures using Guid(321b826f71b72c048877f2032a34fd14) Importer(815301076,1909f56bfc062723c751e8b465ee728b)  -> (artifact id: 'f7f65cf2e6d18d89ebc26c5e8b6703c8') in 0.028612 seconds 
========================================================================
Received Import Request.
  Time since last request: 0.011863 seconds.
  path: Assets/Unvik_3D/Cross_Plains/Textures/Gradients_02.png
  artifactKey: Guid(1c161f4059197e6438552bbf13749990) Importer(815301076,1909f56bfc062723c751e8b465ee728b)
Start importing Assets/Unvik_3D/Cross_Plains/Textures/Gradients_02.png using Guid(1c161f4059197e6438552bbf13749990) Importer(815301076,1909f56bfc062723c751e8b465ee728b)  -> (artifact id: '63c622f8fe7db0415252c406a1c39b8f') in 0.105195 seconds 
========================================================================
Received Import Request.
  Time since last request: 11.581679 seconds.
  path: Assets/Vladislav Simakov/Street_Vehicles_Pack_Autobus_Tram/Materials
  artifactKey: Guid(2bb8573263a47c2438e38c0bc4f1d492) Importer(815301076,1909f56bfc062723c751e8b465ee728b)
Start importing Assets/Vladislav Simakov/Street_Vehicles_Pack_Autobus_Tram/Materials using Guid(2bb8573263a47c2438e38c0bc4f1d492) Importer(815301076,1909f56bfc062723c751e8b465ee728b)  -> (artifact id: 'f87e248a1ace27803b421965bb5b715a') in 0.028855 seconds 
========================================================================
Received Import Request.
  Time since last request: 75.170567 seconds.
  path: Assets/Fantasy Treasure Pack Lite/Texture
  artifactKey: Guid(334df90196ffafa4399710698fb4ed65) Importer(815301076,1909f56bfc062723c751e8b465ee728b)
Start importing Assets/Fantasy Treasure Pack Lite/Texture using Guid(334df90196ffafa4399710698fb4ed65) Importer(815301076,1909f56bfc062723c751e8b465ee728b)  -> (artifact id: '6cbcb03821db35c4b9ad76c74f997d6f') in 0.008722 seconds 
========================================================================
Received Import Request.
  Time since last request: 31.365145 seconds.
  path: Assets/Fantasy Treasure Pack Lite/Texture/Materials
  artifactKey: Guid(eb49016779d251d44b0135316350a648) Importer(815301076,1909f56bfc062723c751e8b465ee728b)
Start importing Assets/Fantasy Treasure Pack Lite/Texture/Materials using Guid(eb49016779d251d44b0135316350a648) Importer(815301076,1909f56bfc062723c751e8b465ee728b)  -> (artifact id: 'a2a97b8007209a4c79718d62e369d1f4') in 0.007869 seconds 
========================================================================
Received Import Request.
  Time since last request: 0.052416 seconds.
  path: Assets/Fantasy Treasure Pack Lite/Texture/Materials/texture_04.mat
  artifactKey: Guid(fd4824161a77a0e43a41ce25a31bebfc) Importer(815301076,1909f56bfc062723c751e8b465ee728b)
Start importing Assets/Fantasy Treasure Pack Lite/Texture/Materials/texture_04.mat using Guid(fd4824161a77a0e43a41ce25a31bebfc) Importer(815301076,1909f56bfc062723c751e8b465ee728b)  -> (artifact id: '2ba824d51da3b485eb1f3f9902699665') in 0.206216 seconds 
========================================================================
Received Import Request.
  Time since last request: 0.000337 seconds.
  path: Assets/Fantasy Treasure Pack Lite/Texture/Materials/texture_09.mat
  artifactKey: Guid(7388ef014b9e9cd4da59a73ff6408d83) Importer(815301076,1909f56bfc062723c751e8b465ee728b)
Start importing Assets/Fantasy Treasure Pack Lite/Texture/Materials/texture_09.mat using Guid(7388ef014b9e9cd4da59a73ff6408d83) Importer(815301076,1909f56bfc062723c751e8b465ee728b)  -> (artifact id: '849d27e9c2ab977cea376b03f932379e') in 0.207673 seconds 
========================================================================
Received Import Request.
  Time since last request: 0.003586 seconds.
  path: Assets/Fantasy Treasure Pack Lite/Texture/Materials/texture_10.mat
  artifactKey: Guid(2feb373ea3e927141be9560b63e2762e) Importer(815301076,1909f56bfc062723c751e8b465ee728b)
Start importing Assets/Fantasy Treasure Pack Lite/Texture/Materials/texture_10.mat using Guid(2feb373ea3e927141be9560b63e2762e) Importer(815301076,1909f56bfc062723c751e8b465ee728b)  -> (artifact id: 'eefd4dd79b0346ad24d0490a8115a78f') in 0.210912 seconds 
========================================================================
Received Import Request.
  Time since last request: 48.430141 seconds.
  path: Assets/Park Assets/Texture/Materials
  artifactKey: Guid(eeaab3247c56ee24bbb2cfd36c7c420e) Importer(815301076,1909f56bfc062723c751e8b465ee728b)
Start importing Assets/Park Assets/Texture/Materials using Guid(eeaab3247c56ee24bbb2cfd36c7c420e) Importer(815301076,1909f56bfc062723c751e8b465ee728b)  -> (artifact id: 'a03aa9b73399fbad48967e279045c03d') in 0.008100 seconds 
========================================================================
Received Import Request.
  Time since last request: 0.057042 seconds.
  path: Assets/Park Assets/Texture/Materials/LowPolyTexture.mat
  artifactKey: Guid(144e9d62bafb3ef4ab76aa8f26561708) Importer(815301076,1909f56bfc062723c751e8b465ee728b)
Start importing Assets/Park Assets/Texture/Materials/LowPolyTexture.mat using Guid(144e9d62bafb3ef4ab76aa8f26561708) Importer(815301076,1909f56bfc062723c751e8b465ee728b)  -> (artifact id: '3c41830f0ad645a7a41fc66a6df9b056') in 0.107434 seconds 
========================================================================
Received Import Request.
  Time since last request: 10.024365 seconds.
  path: Assets/Unvik_3D/Cross_Plains/Materials/Gradients_02.mat
  artifactKey: Guid(5ad0bc4c18542aa4faf44942bb29a06c) Importer(815301076,1909f56bfc062723c751e8b465ee728b)
Start importing Assets/Unvik_3D/Cross_Plains/Materials/Gradients_02.mat using Guid(5ad0bc4c18542aa4faf44942bb29a06c) Importer(815301076,1909f56bfc062723c751e8b465ee728b)  -> (artifact id: '746c175db3504914fc65c08bd2173ed0') in 0.086354 seconds 
========================================================================
Received Import Request.
  Time since last request: 1619.567423 seconds.
  path: Assets/Mars Landscape 3D/Resources/Materials
  artifactKey: Guid(9b95c98f5d1264d8b9b45d6c6fec7f32) Importer(815301076,1909f56bfc062723c751e8b465ee728b)
Start importing Assets/Mars Landscape 3D/Resources/Materials using Guid(9b95c98f5d1264d8b9b45d6c6fec7f32) Importer(815301076,1909f56bfc062723c751e8b465ee728b)  -> (artifact id: '3a2a9a675d44bb02a05fe425e5783eba') in 0.039196 seconds 
========================================================================
Received Import Request.
  Time since last request: 0.000758 seconds.
  path: Assets/Mars Landscape 3D/Resources/Materials/Ground_01.terrainlayer
  artifactKey: Guid(819d17b48ed9544dda00bd5dad414d49) Importer(815301076,1909f56bfc062723c751e8b465ee728b)
Start importing Assets/Mars Landscape 3D/Resources/Materials/Ground_01.terrainlayer using Guid(819d17b48ed9544dda00bd5dad414d49) Importer(815301076,1909f56bfc062723c751e8b465ee728b)  -> (artifact id: '27487ff79fad694042d528ec096eaa6b') in 1.003228 seconds 
========================================================================
Received Import Request.
  Time since last request: 0.000922 seconds.
  path: Assets/Mars Landscape 3D/Resources/Materials/Skybox.mat
  artifactKey: Guid(23916da3af1104b4abeb3b9be53334b1) Importer(815301076,1909f56bfc062723c751e8b465ee728b)
Start importing Assets/Mars Landscape 3D/Resources/Materials/Skybox.mat using Guid(23916da3af1104b4abeb3b9be53334b1) Importer(815301076,1909f56bfc062723c751e8b465ee728b)  -> (artifact id: '778d21cb890bd6cda5eb81774a47253d') in 0.396643 seconds 
========================================================================
Received Import Request.
  Time since last request: 0.000496 seconds.
  path: Assets/Mars Landscape 3D/Resources/Materials/Ground_02.terrainlayer
  artifactKey: Guid(e118f863714604de4ab4a01b5cea80c0) Importer(815301076,1909f56bfc062723c751e8b465ee728b)
Start importing Assets/Mars Landscape 3D/Resources/Materials/Ground_02.terrainlayer using Guid(e118f863714604de4ab4a01b5cea80c0) Importer(815301076,1909f56bfc062723c751e8b465ee728b)  -> (artifact id: 'f51a1b557d8665abad60f6abdbdba95c') in 0.432225 seconds 
========================================================================
Received Import Request.
  Time since last request: 0.000347 seconds.
  path: Assets/Mars Landscape 3D/Resources/Materials/Ground_03.terrainlayer
  artifactKey: Guid(13f086762e8674530af62b721b1065e3) Importer(815301076,1909f56bfc062723c751e8b465ee728b)
Start importing Assets/Mars Landscape 3D/Resources/Materials/Ground_03.terrainlayer using Guid(13f086762e8674530af62b721b1065e3) Importer(815301076,1909f56bfc062723c751e8b465ee728b)  -> (artifact id: '0c5d28ddad12465ed0b5e58abc30363c') in 0.489252 seconds 
========================================================================
Received Import Request.
  Time since last request: 0.000483 seconds.
  path: Assets/Mars Landscape 3D/Resources/Materials/ML3D_Rocks_02.mat
  artifactKey: Guid(ddbf0e092d7944606a2c5d9bfb10044c) Importer(815301076,1909f56bfc062723c751e8b465ee728b)
Start importing Assets/Mars Landscape 3D/Resources/Materials/ML3D_Rocks_02.mat using Guid(ddbf0e092d7944606a2c5d9bfb10044c) Importer(815301076,1909f56bfc062723c751e8b465ee728b)  -> (artifact id: 'b0019a12f2e22cddfd39d4d490b6f2b0') in 1.123428 seconds 
========================================================================
Received Import Request.
  Time since last request: 0.000694 seconds.
  path: Assets/Mars Landscape 3D/Resources/Materials/Dust.mat
  artifactKey: Guid(f35383bc9e18b4381af109e7608ac5d9) Importer(815301076,1909f56bfc062723c751e8b465ee728b)
Start importing Assets/Mars Landscape 3D/Resources/Materials/Dust.mat using Guid(f35383bc9e18b4381af109e7608ac5d9) Importer(815301076,1909f56bfc062723c751e8b465ee728b)  -> (artifact id: '8503778f45a4d58c4333d1160dcad467') in 0.746435 seconds 
========================================================================
Received Import Request.
  Time since last request: 0.000474 seconds.
  path: Assets/Mars Landscape 3D/Resources/Materials/ML3D_Rocks_01.mat
  artifactKey: Guid(f48e1f81b0dd94a4db3205ed848ae5bb) Importer(815301076,1909f56bfc062723c751e8b465ee728b)
Start importing Assets/Mars Landscape 3D/Resources/Materials/ML3D_Rocks_01.mat using Guid(f48e1f81b0dd94a4db3205ed848ae5bb) Importer(815301076,1909f56bfc062723c751e8b465ee728b)  -> (artifact id: '9ef6184d7795d74390e6344837c4f6be') in 1.254848 seconds 
========================================================================
Received Import Request.
  Time since last request: 0.000468 seconds.
  path: Assets/Mars Landscape 3D/Resources/Materials/ML3D_Rocks_00.mat
  artifactKey: Guid(adf33d9b462294ac4bb0b485c9ecedfc) Importer(815301076,1909f56bfc062723c751e8b465ee728b)
Start importing Assets/Mars Landscape 3D/Resources/Materials/ML3D_Rocks_00.mat using Guid(adf33d9b462294ac4bb0b485c9ecedfc) Importer(815301076,1909f56bfc062723c751e8b465ee728b)  -> (artifact id: '045b63237ffdabde84a24bbcb35da191') in 1.258418 seconds 
========================================================================
Received Import Request.
  Time since last request: 0.000450 seconds.
  path: Assets/Mars Landscape 3D/Resources/Materials/Ground_00.terrainlayer
  artifactKey: Guid(2246f8960950e405fb60460c9faff86c) Importer(815301076,1909f56bfc062723c751e8b465ee728b)
Start importing Assets/Mars Landscape 3D/Resources/Materials/Ground_00.terrainlayer using Guid(2246f8960950e405fb60460c9faff86c) Importer(815301076,1909f56bfc062723c751e8b465ee728b)  -> (artifact id: '5324a20c6c640c0e1e88a2152d5c1136') in 0.416444 seconds 
========================================================================
Received Import Request.
  Time since last request: 0.000414 seconds.
  path: Assets/Mars Landscape 3D/Resources/Materials/Crater_Brush.brush
  artifactKey: Guid(60fc75f5c726b458d97fb53592b33cbd) Importer(815301076,1909f56bfc062723c751e8b465ee728b)
Start importing Assets/Mars Landscape 3D/Resources/Materials/Crater_Brush.brush using Guid(60fc75f5c726b458d97fb53592b33cbd) Importer(815301076,1909f56bfc062723c751e8b465ee728b)  -> (artifact id: '29c1d9823f44de65bee99bc600cd705e') in 0.326465 seconds 
========================================================================
Received Import Request.
  Time since last request: 0.000561 seconds.
  path: Assets/Mars Landscape 3D/Resources/Materials/Sand_Brush.brush
  artifactKey: Guid(2d1331f2b55c943b7b1458348ea6b097) Importer(815301076,1909f56bfc062723c751e8b465ee728b)
Start importing Assets/Mars Landscape 3D/Resources/Materials/Sand_Brush.brush using Guid(2d1331f2b55c943b7b1458348ea6b097) Importer(815301076,1909f56bfc062723c751e8b465ee728b)  -> (artifact id: '35da92a972557a097e360042556bd7df') in 0.234354 seconds 
========================================================================
Received Import Request.
  Time since last request: 13.058483 seconds.
  path: Assets/Mars Landscape 3D/Resources/Textures/Ground_03_D.png
  artifactKey: Guid(d5a46b20f7fe248209db917d1e6be190) Importer(815301076,1909f56bfc062723c751e8b465ee728b)
Start importing Assets/Mars Landscape 3D/Resources/Textures/Ground_03_D.png using Guid(d5a46b20f7fe248209db917d1e6be190) Importer(815301076,1909f56bfc062723c751e8b465ee728b)  -> (artifact id: '5ecb7b969d0b389bd0f77b42d17792f8') in 0.221002 seconds 
========================================================================
Received Import Request.
  Time since last request: 0.000487 seconds.
  path: Assets/Mars Landscape 3D/Resources/Textures/Ground_03_N.png
  artifactKey: Guid(bbd8957f6bd7747ec91bb7da878e0e5a) Importer(815301076,1909f56bfc062723c751e8b465ee728b)
Start importing Assets/Mars Landscape 3D/Resources/Textures/Ground_03_N.png using Guid(bbd8957f6bd7747ec91bb7da878e0e5a) Importer(815301076,1909f56bfc062723c751e8b465ee728b)  -> (artifact id: '1bd8e56136f0e9f477920b911c27da56') in 0.238105 seconds 
========================================================================
Received Import Request.
  Time since last request: 91.580055 seconds.
  path: Assets/Mars Landscape 3D/Resources/Geometry/ML3D_Rocks_00.fbx
  artifactKey: Guid(311fb4af49f45401fb66880f53ca868b) Importer(815301076,1909f56bfc062723c751e8b465ee728b)
Start importing Assets/Mars Landscape 3D/Resources/Geometry/ML3D_Rocks_00.fbx using Guid(311fb4af49f45401fb66880f53ca868b) Importer(815301076,1909f56bfc062723c751e8b465ee728b)  -> (artifact id: '944e39bc9dc885870dc4671cc02bc8be') in 0.410673 seconds 
========================================================================
Received Import Request.
  Time since last request: 0.000383 seconds.
  path: Assets/Mars Landscape 3D/Resources/Geometry/Terrain.asset
  artifactKey: Guid(bcc00276e3c6f482bb6d47fd04ead463) Importer(815301076,1909f56bfc062723c751e8b465ee728b)
Start importing Assets/Mars Landscape 3D/Resources/Geometry/Terrain.asset using Guid(bcc00276e3c6f482bb6d47fd04ead463) Importer(815301076,1909f56bfc062723c751e8b465ee728b) The tree ML3D_Rocks_02_04 must use the Nature/Soft Occlusion shader. Otherwise billboarding/lighting will not work correctly.
The tree ML3D_Rocks_02_03 must use the Nature/Soft Occlusion shader. Otherwise billboarding/lighting will not work correctly.
The tree ML3D_Rocks_02_02 must use the Nature/Soft Occlusion shader. Otherwise billboarding/lighting will not work correctly.
The tree ML3D_Rocks_02_01 must use the Nature/Soft Occlusion shader. Otherwise billboarding/lighting will not work correctly.
The tree ML3D_Rocks_02_00 must use the Nature/Soft Occlusion shader. Otherwise billboarding/lighting will not work correctly.
The tree ML3D_Rocks_00_02 must use the Nature/Soft Occlusion shader. Otherwise billboarding/lighting will not work correctly.
The tree ML3D_Rocks_00_01 must use the Nature/Soft Occlusion shader. Otherwise billboarding/lighting will not work correctly.
The tree ML3D_Rocks_01_02 must use the Nature/Soft Occlusion shader. Otherwise billboarding/lighting will not work correctly.
The tree ML3D_Rocks_01_03 must use the Nature/Soft Occlusion shader. Otherwise billboarding/lighting will not work correctly.
The tree ML3D_Rocks_01_01 must use the Nature/Soft Occlusion shader. Otherwise billboarding/lighting will not work correctly.
 -> (artifact id: 'd5edf69d08cb6abd212080852f974b6a') in 4.016729 seconds 
========================================================================
Received Import Request.
  Time since last request: 0.001764 seconds.
  path: Assets/Mars Landscape 3D/Resources/Geometry/ML3D_Rocks_01.fbx
  artifactKey: Guid(3ddc61472d3f447bfb36a22d4488debd) Importer(815301076,1909f56bfc062723c751e8b465ee728b)
Start importing Assets/Mars Landscape 3D/Resources/Geometry/ML3D_Rocks_01.fbx using Guid(3ddc61472d3f447bfb36a22d4488debd) Importer(815301076,1909f56bfc062723c751e8b465ee728b)  -> (artifact id: 'cd6339e1b8bd3f9314ed616a5b5f74c8') in 0.546807 seconds 
========================================================================
Received Import Request.
  Time since last request: 0.036859 seconds.
  path: Assets/Mars Landscape 3D/Resources/Geometry/ML3D_Rocks_02.fbx
  artifactKey: Guid(58a5ab3dee2df4b7ca1055a0d6b8fe60) Importer(815301076,1909f56bfc062723c751e8b465ee728b)
Start importing Assets/Mars Landscape 3D/Resources/Geometry/ML3D_Rocks_02.fbx using Guid(58a5ab3dee2df4b7ca1055a0d6b8fe60) Importer(815301076,1909f56bfc062723c751e8b465ee728b)  -> (artifact id: '417519c44e0216df87b89f2b61661332') in 0.416578 seconds 
========================================================================
Received Import Request.
  Time since last request: 12.244076 seconds.
  path: Assets/FROOD/Models/Apple.fbx
  artifactKey: Guid(8565aa5abe7675f41b62cb1bf02db304) Importer(815301076,1909f56bfc062723c751e8b465ee728b)
Start importing Assets/FROOD/Models/Apple.fbx using Guid(8565aa5abe7675f41b62cb1bf02db304) Importer(815301076,1909f56bfc062723c751e8b465ee728b)  -> (artifact id: '39dd43ed962a86738aa6545f1413793b') in 0.235561 seconds 
========================================================================
Received Import Request.
  Time since last request: 0.000436 seconds.
  path: Assets/FROOD/Models/Drink.fbx
  artifactKey: Guid(d92f54d3b13a8a14c978af40bc432676) Importer(815301076,1909f56bfc062723c751e8b465ee728b)
Start importing Assets/FROOD/Models/Drink.fbx using Guid(d92f54d3b13a8a14c978af40bc432676) Importer(815301076,1909f56bfc062723c751e8b465ee728b)  -> (artifact id: '5bb71c8ad9f73cb649cc046be38a1fbb') in 0.226940 seconds 
========================================================================
Received Import Request.
  Time since last request: 0.000439 seconds.
  path: Assets/FROOD/Models/Onigiri.fbx
  artifactKey: Guid(0647694be20423c43981f4ab093c53dd) Importer(815301076,1909f56bfc062723c751e8b465ee728b)
Start importing Assets/FROOD/Models/Onigiri.fbx using Guid(0647694be20423c43981f4ab093c53dd) Importer(815301076,1909f56bfc062723c751e8b465ee728b)  -> (artifact id: '1476f7452e9c0a3b5f83903746affb77') in 0.156736 seconds 
========================================================================
Received Import Request.
  Time since last request: 0.000428 seconds.
  path: Assets/FROOD/Models/Steack.fbx
  artifactKey: Guid(67547ae68ce6a6242a5fda472d37ba85) Importer(815301076,1909f56bfc062723c751e8b465ee728b)
Start importing Assets/FROOD/Models/Steack.fbx using Guid(67547ae68ce6a6242a5fda472d37ba85) Importer(815301076,1909f56bfc062723c751e8b465ee728b)  -> (artifact id: '0b3dd846df2b240cbb50f491eecde552') in 0.183972 seconds 
========================================================================
Received Import Request.
  Time since last request: 0.000624 seconds.
  path: Assets/FROOD/Models/BigBottle.fbx
  artifactKey: Guid(2ec88089c36620d419a15b70cf49ac13) Importer(815301076,1909f56bfc062723c751e8b465ee728b)
Start importing Assets/FROOD/Models/BigBottle.fbx using Guid(2ec88089c36620d419a15b70cf49ac13) Importer(815301076,1909f56bfc062723c751e8b465ee728b)  -> (artifact id: '99f3c129e028ac1175fe8859fdb3ae9b') in 0.430182 seconds 
========================================================================
Received Import Request.
  Time since last request: 0.000901 seconds.
  path: Assets/FROOD/Models/Ham.fbx
  artifactKey: Guid(2b1055afae88d1c4680feb8265a33a35) Importer(815301076,1909f56bfc062723c751e8b465ee728b)
Start importing Assets/FROOD/Models/Ham.fbx using Guid(2b1055afae88d1c4680feb8265a33a35) Importer(815301076,1909f56bfc062723c751e8b465ee728b)  -> (artifact id: 'e8fd9b8ae6bfd5bd813d4aa842b30dd7') in 0.257068 seconds 
========================================================================
Received Import Request.
  Time since last request: 0.000502 seconds.
  path: Assets/FROOD/Models/Cake.fbx
  artifactKey: Guid(2c17dab776d77164a8816d179db1d20d) Importer(815301076,1909f56bfc062723c751e8b465ee728b)
Start importing Assets/FROOD/Models/Cake.fbx using Guid(2c17dab776d77164a8816d179db1d20d) Importer(815301076,1909f56bfc062723c751e8b465ee728b)  -> (artifact id: '84784a1faba896e76c3a8866e36b5060') in 0.222879 seconds 
========================================================================
Received Import Request.
  Time since last request: 0.000371 seconds.
  path: Assets/FROOD/Models/Cookie.fbx
  artifactKey: Guid(31500b4fe38416744a333495e9c077c8) Importer(815301076,1909f56bfc062723c751e8b465ee728b)
Start importing Assets/FROOD/Models/Cookie.fbx using Guid(31500b4fe38416744a333495e9c077c8) Importer(815301076,1909f56bfc062723c751e8b465ee728b)  -> (artifact id: 'db1b75b9d7256afd2b12113d6851f98c') in 0.179330 seconds 
========================================================================
Received Import Request.
  Time since last request: 0.000440 seconds.
  path: Assets/FROOD/Models/Watermelon.fbx
  artifactKey: Guid(dd5c23045caca5c448bbba7f8c9de23a) Importer(815301076,1909f56bfc062723c751e8b465ee728b)
Start importing Assets/FROOD/Models/Watermelon.fbx using Guid(dd5c23045caca5c448bbba7f8c9de23a) Importer(815301076,1909f56bfc062723c751e8b465ee728b)  -> (artifact id: '5dc319c285c0e4574aa14ca6c1f4ecdf') in 0.202685 seconds 
========================================================================
Received Import Request.
  Time since last request: 0.000697 seconds.
  path: Assets/FROOD/Models/Bottle.fbx
  artifactKey: Guid(334f151c992356b43b8f18e3cd02c30b) Importer(815301076,1909f56bfc062723c751e8b465ee728b)
Start importing Assets/FROOD/Models/Bottle.fbx using Guid(334f151c992356b43b8f18e3cd02c30b) Importer(815301076,1909f56bfc062723c751e8b465ee728b)  -> (artifact id: '7d90378a02cc0091139de674d416c4d3') in 0.214841 seconds 
========================================================================
Received Import Request.
  Time since last request: 17.351569 seconds.
  path: Assets/FROOD/Materials/LiquidRed.mat
  artifactKey: Guid(e336dfc7cc3e7954296365ed89730511) Importer(815301076,1909f56bfc062723c751e8b465ee728b)
Start importing Assets/FROOD/Materials/LiquidRed.mat using Guid(e336dfc7cc3e7954296365ed89730511) Importer(815301076,1909f56bfc062723c751e8b465ee728b)  -> (artifact id: '7dbc8257ab4dc3bc8c9dd754df3c3367') in 0.214785 seconds 
========================================================================
Received Import Request.
  Time since last request: 0.000669 seconds.
  path: Assets/FROOD/Materials/Watermelon2.mat
  artifactKey: Guid(fadb9c07f20fd6e48aeadba8dfce7931) Importer(815301076,1909f56bfc062723c751e8b465ee728b)
Start importing Assets/FROOD/Materials/Watermelon2.mat using Guid(fadb9c07f20fd6e48aeadba8dfce7931) Importer(815301076,1909f56bfc062723c751e8b465ee728b)  -> (artifact id: '71c6560699b4657e37d608a14b5eb532') in 0.048915 seconds 
========================================================================
Received Import Request.
  Time since last request: 0.000464 seconds.
  path: Assets/FROOD/Materials/Watermelon3.mat
  artifactKey: Guid(f3cdaf77b3f9a0b4a81f52e2b2602429) Importer(815301076,1909f56bfc062723c751e8b465ee728b)
Start importing Assets/FROOD/Materials/Watermelon3.mat using Guid(f3cdaf77b3f9a0b4a81f52e2b2602429) Importer(815301076,1909f56bfc062723c751e8b465ee728b)  -> (artifact id: '2af6c6fa5ee0adcf3ee3f9ceeb5d2cc1') in 0.276518 seconds 
========================================================================
Received Import Request.
  Time since last request: 0.000425 seconds.
  path: Assets/FROOD/Materials/Watermelon.mat
  artifactKey: Guid(12bacbe946868cc4db701f08a6a21db1) Importer(815301076,1909f56bfc062723c751e8b465ee728b)
Start importing Assets/FROOD/Materials/Watermelon.mat using Guid(12bacbe946868cc4db701f08a6a21db1) Importer(815301076,1909f56bfc062723c751e8b465ee728b)  -> (artifact id: 'e503b5e87b2491d01f8bedb87eac764a') in 0.043388 seconds 
========================================================================
Received Import Request.
  Time since last request: 0.000451 seconds.
  path: Assets/FROOD/Materials/Rice.mat
  artifactKey: Guid(00dc1033b4c765c4c9e61fe99fbe616b) Importer(815301076,1909f56bfc062723c751e8b465ee728b)
Start importing Assets/FROOD/Materials/Rice.mat using Guid(00dc1033b4c765c4c9e61fe99fbe616b) Importer(815301076,1909f56bfc062723c751e8b465ee728b)  -> (artifact id: '2a7d05b051e07613d63b7dc2cc467b4d') in 0.059014 seconds 
========================================================================
Received Import Request.
  Time since last request: 0.000456 seconds.
  path: Assets/FROOD/Materials/Strawberry.mat
  artifactKey: Guid(3205d68c8bac997468316460a9980012) Importer(815301076,1909f56bfc062723c751e8b465ee728b)
Start importing Assets/FROOD/Materials/Strawberry.mat using Guid(3205d68c8bac997468316460a9980012) Importer(815301076,1909f56bfc062723c751e8b465ee728b)  -> (artifact id: '135ab5fbfcac1613e3c9ddc68d2f874e') in 0.064397 seconds 
========================================================================
Received Import Request.
  Time since last request: 0.000416 seconds.
  path: Assets/FROOD/Materials/Stalk.mat
  artifactKey: Guid(9c70233a3f79f0b4db8f382b2c45a23a) Importer(815301076,1909f56bfc062723c751e8b465ee728b)
Start importing Assets/FROOD/Materials/Stalk.mat using Guid(9c70233a3f79f0b4db8f382b2c45a23a) Importer(815301076,1909f56bfc062723c751e8b465ee728b)  -> (artifact id: '78f025acc99307f7bc11d674e79987cf') in 0.053799 seconds 
========================================================================
Received Import Request.
  Time since last request: 0.000886 seconds.
  path: Assets/FROOD/Materials/Meat.mat
  artifactKey: Guid(74ba436af1220da43905da75f9e184f5) Importer(815301076,1909f56bfc062723c751e8b465ee728b)
Start importing Assets/FROOD/Materials/Meat.mat using Guid(74ba436af1220da43905da75f9e184f5) Importer(815301076,1909f56bfc062723c751e8b465ee728b)  -> (artifact id: 'eab94878183a93c93d2cc61f0178a40f') in 0.047452 seconds 
========================================================================
Received Import Request.
  Time since last request: 0.000754 seconds.
  path: Assets/FROOD/Materials/Seed.mat
  artifactKey: Guid(897295c47179c60448b89c8d6850d10f) Importer(815301076,1909f56bfc062723c751e8b465ee728b)
Start importing Assets/FROOD/Materials/Seed.mat using Guid(897295c47179c60448b89c8d6850d10f) Importer(815301076,1909f56bfc062723c751e8b465ee728b)  -> (artifact id: '5c3b7d69cc1494d93590dfa39a209b4c') in 0.048562 seconds 
AssetImportWorkerClient::OnTransportError - code=2 error=End of file
